INFO - 2023-03-21 08:55:22 --> Config Class Initialized
INFO - 2023-03-21 08:55:22 --> Hooks Class Initialized
DEBUG - 2023-03-21 08:55:22 --> UTF-8 Support Enabled
INFO - 2023-03-21 08:55:22 --> Utf8 Class Initialized
INFO - 2023-03-21 08:55:22 --> URI Class Initialized
INFO - 2023-03-21 08:55:22 --> Router Class Initialized
INFO - 2023-03-21 08:55:22 --> Output Class Initialized
INFO - 2023-03-21 08:55:22 --> Security Class Initialized
DEBUG - 2023-03-21 08:55:22 --> Global POST, GET and COOKIE data sanitized
INFO - 2023-03-21 08:55:22 --> Input Class Initialized
INFO - 2023-03-21 08:55:22 --> Language Class Initialized
INFO - 2023-03-21 08:55:22 --> Loader Class Initialized
INFO - 2023-03-21 08:55:22 --> Helper loaded: url_helper
INFO - 2023-03-21 08:55:22 --> Helper loaded: file_helper
INFO - 2023-03-21 08:55:22 --> Database Driver Class Initialized
INFO - 2023-03-21 08:55:22 --> Email Class Initialized
DEBUG - 2023-03-21 08:55:22 --> Session: "sess_save_path" is empty; using "session.save_path" value from php.ini.
INFO - 2023-03-21 08:55:22 --> Session: Class initialized using 'files' driver.
INFO - 2023-03-21 08:55:22 --> Helper loaded: form_helper
INFO - 2023-03-21 08:55:22 --> Form Validation Class Initialized
INFO - 2023-03-21 08:55:22 --> Controller Class Initialized
INFO - 2023-03-21 08:55:22 --> Model "Reports_Model" initialized
INFO - 2023-03-21 08:55:22 --> Model "Main_Model" initialized
INFO - 2023-03-21 08:55:22 --> File loaded: assets/includes/top_links.php
INFO - 2023-03-21 08:55:22 --> File loaded: assets/includes/top_navbar.php
INFO - 2023-03-21 08:55:22 --> File loaded: assets/includes/notification.php
INFO - 2023-03-21 08:55:22 --> File loaded: assets/includes/sidebar.php
INFO - 2023-03-21 08:55:22 --> File loaded: assets/includes/reports_bar.php
INFO - 2023-03-21 08:55:22 --> File loaded: version.php
INFO - 2023-03-21 08:55:22 --> File loaded: assets/includes/footer.php
INFO - 2023-03-21 08:55:22 --> File loaded: assets/includes/footer_links.php
INFO - 2023-03-21 08:55:22 --> File loaded: C:\xampp\htdocs\flexapp\application\views\Reports/day_book.php
INFO - 2023-03-21 08:55:22 --> Final output sent to browser
DEBUG - 2023-03-21 08:55:22 --> Total execution time: 0.1199
INFO - 2023-03-21 08:55:22 --> Config Class Initialized
INFO - 2023-03-21 08:55:22 --> Hooks Class Initialized
DEBUG - 2023-03-21 08:55:22 --> UTF-8 Support Enabled
INFO - 2023-03-21 08:55:22 --> Utf8 Class Initialized
INFO - 2023-03-21 08:55:22 --> URI Class Initialized
INFO - 2023-03-21 08:55:22 --> Router Class Initialized
INFO - 2023-03-21 08:55:22 --> Output Class Initialized
INFO - 2023-03-21 08:55:22 --> Security Class Initialized
DEBUG - 2023-03-21 08:55:22 --> Global POST, GET and COOKIE data sanitized
INFO - 2023-03-21 08:55:22 --> Input Class Initialized
INFO - 2023-03-21 08:55:22 --> Language Class Initialized
ERROR - 2023-03-21 08:55:22 --> 404 Page Not Found: Assets/plugins
INFO - 2023-03-21 08:55:31 --> Config Class Initialized
INFO - 2023-03-21 08:55:31 --> Hooks Class Initialized
DEBUG - 2023-03-21 08:55:31 --> UTF-8 Support Enabled
INFO - 2023-03-21 08:55:31 --> Utf8 Class Initialized
INFO - 2023-03-21 08:55:31 --> URI Class Initialized
INFO - 2023-03-21 08:55:31 --> Router Class Initialized
INFO - 2023-03-21 08:55:31 --> Output Class Initialized
INFO - 2023-03-21 08:55:31 --> Security Class Initialized
DEBUG - 2023-03-21 08:55:31 --> Global POST, GET and COOKIE data sanitized
INFO - 2023-03-21 08:55:31 --> Input Class Initialized
INFO - 2023-03-21 08:55:31 --> Language Class Initialized
INFO - 2023-03-21 08:55:31 --> Loader Class Initialized
INFO - 2023-03-21 08:55:31 --> Helper loaded: url_helper
INFO - 2023-03-21 08:55:31 --> Helper loaded: file_helper
INFO - 2023-03-21 08:55:31 --> Database Driver Class Initialized
INFO - 2023-03-21 08:55:31 --> Email Class Initialized
DEBUG - 2023-03-21 08:55:31 --> Session: "sess_save_path" is empty; using "session.save_path" value from php.ini.
INFO - 2023-03-21 08:55:31 --> Session: Class initialized using 'files' driver.
INFO - 2023-03-21 08:55:31 --> Helper loaded: form_helper
INFO - 2023-03-21 08:55:31 --> Form Validation Class Initialized
INFO - 2023-03-21 08:55:31 --> Controller Class Initialized
INFO - 2023-03-21 08:55:31 --> Model "Reports_Model" initialized
INFO - 2023-03-21 08:55:31 --> Model "Main_Model" initialized
ERROR - 2023-03-21 08:55:31 --> Query error: Table 'swift.product' doesn't exist - Invalid query: SELECT *
FROM `product`
INFO - 2023-03-21 08:55:31 --> Language file loaded: language/english/db_lang.php
INFO - 2023-03-21 09:00:09 --> Config Class Initialized
INFO - 2023-03-21 09:00:09 --> Hooks Class Initialized
DEBUG - 2023-03-21 09:00:09 --> UTF-8 Support Enabled
INFO - 2023-03-21 09:00:09 --> Utf8 Class Initialized
INFO - 2023-03-21 09:00:09 --> URI Class Initialized
INFO - 2023-03-21 09:00:09 --> Router Class Initialized
INFO - 2023-03-21 09:00:09 --> Output Class Initialized
INFO - 2023-03-21 09:00:09 --> Security Class Initialized
DEBUG - 2023-03-21 09:00:09 --> Global POST, GET and COOKIE data sanitized
INFO - 2023-03-21 09:00:09 --> Input Class Initialized
INFO - 2023-03-21 09:00:09 --> Language Class Initialized
INFO - 2023-03-21 09:00:09 --> Loader Class Initialized
INFO - 2023-03-21 09:00:09 --> Helper loaded: url_helper
INFO - 2023-03-21 09:00:09 --> Helper loaded: file_helper
INFO - 2023-03-21 09:00:09 --> Database Driver Class Initialized
INFO - 2023-03-21 09:00:09 --> Email Class Initialized
DEBUG - 2023-03-21 09:00:09 --> Session: "sess_save_path" is empty; using "session.save_path" value from php.ini.
INFO - 2023-03-21 09:00:09 --> Session: Class initialized using 'files' driver.
INFO - 2023-03-21 09:00:09 --> Helper loaded: form_helper
INFO - 2023-03-21 09:00:09 --> Form Validation Class Initialized
INFO - 2023-03-21 09:00:09 --> Controller Class Initialized
INFO - 2023-03-21 09:00:09 --> Model "Reports_Model" initialized
INFO - 2023-03-21 09:00:09 --> Model "Main_Model" initialized
INFO - 2023-03-21 09:00:10 --> File loaded: assets/includes/top_links.php
INFO - 2023-03-21 09:00:10 --> File loaded: assets/includes/top_navbar.php
INFO - 2023-03-21 09:00:10 --> File loaded: assets/includes/notification.php
INFO - 2023-03-21 09:00:10 --> File loaded: assets/includes/sidebar.php
INFO - 2023-03-21 09:00:10 --> File loaded: assets/includes/reports_bar.php
ERROR - 2023-03-21 09:00:10 --> Severity: Warning --> Undefined array key "product_id" C:\xampp\htdocs\flexapp\application\views\reports\sale_report.php 93
ERROR - 2023-03-21 09:00:10 --> Severity: Warning --> Undefined array key "product_name" C:\xampp\htdocs\flexapp\application\views\reports\sale_report.php 93
ERROR - 2023-03-21 09:00:10 --> Severity: Warning --> Undefined array key "product_id" C:\xampp\htdocs\flexapp\application\views\reports\sale_report.php 93
ERROR - 2023-03-21 09:00:10 --> Severity: Warning --> Undefined array key "product_name" C:\xampp\htdocs\flexapp\application\views\reports\sale_report.php 93
ERROR - 2023-03-21 09:00:10 --> Severity: Warning --> Undefined array key "product_id" C:\xampp\htdocs\flexapp\application\views\reports\sale_report.php 93
ERROR - 2023-03-21 09:00:10 --> Severity: Warning --> Undefined array key "product_name" C:\xampp\htdocs\flexapp\application\views\reports\sale_report.php 93
ERROR - 2023-03-21 09:00:10 --> Severity: Warning --> Undefined array key "product_id" C:\xampp\htdocs\flexapp\application\views\reports\sale_report.php 93
ERROR - 2023-03-21 09:00:10 --> Severity: Warning --> Undefined array key "product_name" C:\xampp\htdocs\flexapp\application\views\reports\sale_report.php 93
ERROR - 2023-03-21 09:00:10 --> Severity: Warning --> Undefined array key "product_id" C:\xampp\htdocs\flexapp\application\views\reports\sale_report.php 93
ERROR - 2023-03-21 09:00:10 --> Severity: Warning --> Undefined array key "product_name" C:\xampp\htdocs\flexapp\application\views\reports\sale_report.php 93
ERROR - 2023-03-21 09:00:10 --> Severity: Warning --> Undefined array key "product_id" C:\xampp\htdocs\flexapp\application\views\reports\sale_report.php 93
ERROR - 2023-03-21 09:00:10 --> Severity: Warning --> Undefined array key "product_name" C:\xampp\htdocs\flexapp\application\views\reports\sale_report.php 93
ERROR - 2023-03-21 09:00:10 --> Severity: Warning --> Undefined array key "product_id" C:\xampp\htdocs\flexapp\application\views\reports\sale_report.php 93
ERROR - 2023-03-21 09:00:10 --> Severity: Warning --> Undefined array key "product_name" C:\xampp\htdocs\flexapp\application\views\reports\sale_report.php 93
ERROR - 2023-03-21 09:00:10 --> Severity: Warning --> Undefined array key "product_id" C:\xampp\htdocs\flexapp\application\views\reports\sale_report.php 93
ERROR - 2023-03-21 09:00:10 --> Severity: Warning --> Undefined array key "product_name" C:\xampp\htdocs\flexapp\application\views\reports\sale_report.php 93
ERROR - 2023-03-21 09:00:10 --> Severity: Warning --> Undefined array key "product_id" C:\xampp\htdocs\flexapp\application\views\reports\sale_report.php 93
ERROR - 2023-03-21 09:00:10 --> Severity: Warning --> Undefined array key "product_name" C:\xampp\htdocs\flexapp\application\views\reports\sale_report.php 93
ERROR - 2023-03-21 09:00:10 --> Severity: Warning --> Undefined array key "product_id" C:\xampp\htdocs\flexapp\application\views\reports\sale_report.php 93
ERROR - 2023-03-21 09:00:10 --> Severity: Warning --> Undefined array key "product_name" C:\xampp\htdocs\flexapp\application\views\reports\sale_report.php 93
ERROR - 2023-03-21 09:00:10 --> Severity: Warning --> Undefined array key "product_id" C:\xampp\htdocs\flexapp\application\views\reports\sale_report.php 93
ERROR - 2023-03-21 09:00:10 --> Severity: Warning --> Undefined array key "product_name" C:\xampp\htdocs\flexapp\application\views\reports\sale_report.php 93
ERROR - 2023-03-21 09:00:10 --> Severity: Warning --> Undefined array key "product_id" C:\xampp\htdocs\flexapp\application\views\reports\sale_report.php 93
ERROR - 2023-03-21 09:00:10 --> Severity: Warning --> Undefined array key "product_name" C:\xampp\htdocs\flexapp\application\views\reports\sale_report.php 93
ERROR - 2023-03-21 09:00:10 --> Severity: Warning --> Undefined array key "product_id" C:\xampp\htdocs\flexapp\application\views\reports\sale_report.php 93
ERROR - 2023-03-21 09:00:10 --> Severity: Warning --> Undefined array key "product_name" C:\xampp\htdocs\flexapp\application\views\reports\sale_report.php 93
ERROR - 2023-03-21 09:00:10 --> Severity: Warning --> Undefined array key "product_id" C:\xampp\htdocs\flexapp\application\views\reports\sale_report.php 93
ERROR - 2023-03-21 09:00:10 --> Severity: Warning --> Undefined array key "product_name" C:\xampp\htdocs\flexapp\application\views\reports\sale_report.php 93
ERROR - 2023-03-21 09:00:10 --> Severity: Warning --> Undefined array key "product_id" C:\xampp\htdocs\flexapp\application\views\reports\sale_report.php 93
ERROR - 2023-03-21 09:00:10 --> Severity: Warning --> Undefined array key "product_name" C:\xampp\htdocs\flexapp\application\views\reports\sale_report.php 93
ERROR - 2023-03-21 09:00:10 --> Severity: Warning --> Undefined array key "product_id" C:\xampp\htdocs\flexapp\application\views\reports\sale_report.php 93
ERROR - 2023-03-21 09:00:10 --> Severity: Warning --> Undefined array key "product_name" C:\xampp\htdocs\flexapp\application\views\reports\sale_report.php 93
ERROR - 2023-03-21 09:00:10 --> Severity: Warning --> Undefined array key "product_id" C:\xampp\htdocs\flexapp\application\views\reports\sale_report.php 93
ERROR - 2023-03-21 09:00:10 --> Severity: Warning --> Undefined array key "product_name" C:\xampp\htdocs\flexapp\application\views\reports\sale_report.php 93
ERROR - 2023-03-21 09:00:10 --> Severity: Warning --> Undefined array key "product_id" C:\xampp\htdocs\flexapp\application\views\reports\sale_report.php 93
ERROR - 2023-03-21 09:00:10 --> Severity: Warning --> Undefined array key "product_name" C:\xampp\htdocs\flexapp\application\views\reports\sale_report.php 93
ERROR - 2023-03-21 09:00:10 --> Severity: Warning --> Undefined array key "product_id" C:\xampp\htdocs\flexapp\application\views\reports\sale_report.php 93
ERROR - 2023-03-21 09:00:10 --> Severity: Warning --> Undefined array key "product_name" C:\xampp\htdocs\flexapp\application\views\reports\sale_report.php 93
ERROR - 2023-03-21 09:00:10 --> Severity: Warning --> Undefined array key "product_id" C:\xampp\htdocs\flexapp\application\views\reports\sale_report.php 93
ERROR - 2023-03-21 09:00:10 --> Severity: Warning --> Undefined array key "product_name" C:\xampp\htdocs\flexapp\application\views\reports\sale_report.php 93
ERROR - 2023-03-21 09:00:10 --> Severity: Warning --> Undefined array key "product_id" C:\xampp\htdocs\flexapp\application\views\reports\sale_report.php 93
ERROR - 2023-03-21 09:00:10 --> Severity: Warning --> Undefined array key "product_name" C:\xampp\htdocs\flexapp\application\views\reports\sale_report.php 93
ERROR - 2023-03-21 09:00:10 --> Severity: Warning --> Undefined array key "product_id" C:\xampp\htdocs\flexapp\application\views\reports\sale_report.php 93
ERROR - 2023-03-21 09:00:10 --> Severity: Warning --> Undefined array key "product_name" C:\xampp\htdocs\flexapp\application\views\reports\sale_report.php 93
ERROR - 2023-03-21 09:00:10 --> Severity: Warning --> Undefined array key "product_id" C:\xampp\htdocs\flexapp\application\views\reports\sale_report.php 93
ERROR - 2023-03-21 09:00:10 --> Severity: Warning --> Undefined array key "product_name" C:\xampp\htdocs\flexapp\application\views\reports\sale_report.php 93
ERROR - 2023-03-21 09:00:10 --> Severity: Warning --> Undefined array key "product_id" C:\xampp\htdocs\flexapp\application\views\reports\sale_report.php 93
ERROR - 2023-03-21 09:00:10 --> Severity: Warning --> Undefined array key "product_name" C:\xampp\htdocs\flexapp\application\views\reports\sale_report.php 93
ERROR - 2023-03-21 09:00:10 --> Severity: Warning --> Undefined array key "product_id" C:\xampp\htdocs\flexapp\application\views\reports\sale_report.php 93
ERROR - 2023-03-21 09:00:10 --> Severity: Warning --> Undefined array key "product_name" C:\xampp\htdocs\flexapp\application\views\reports\sale_report.php 93
ERROR - 2023-03-21 09:00:10 --> Severity: Warning --> Undefined array key "product_id" C:\xampp\htdocs\flexapp\application\views\reports\sale_report.php 93
ERROR - 2023-03-21 09:00:10 --> Severity: Warning --> Undefined array key "product_name" C:\xampp\htdocs\flexapp\application\views\reports\sale_report.php 93
ERROR - 2023-03-21 09:00:10 --> Severity: Warning --> Undefined array key "product_id" C:\xampp\htdocs\flexapp\application\views\reports\sale_report.php 93
ERROR - 2023-03-21 09:00:10 --> Severity: Warning --> Undefined array key "product_name" C:\xampp\htdocs\flexapp\application\views\reports\sale_report.php 93
ERROR - 2023-03-21 09:00:10 --> Severity: Warning --> Undefined array key "product_id" C:\xampp\htdocs\flexapp\application\views\reports\sale_report.php 93
ERROR - 2023-03-21 09:00:10 --> Severity: Warning --> Undefined array key "product_name" C:\xampp\htdocs\flexapp\application\views\reports\sale_report.php 93
ERROR - 2023-03-21 09:00:10 --> Severity: Warning --> Undefined array key "product_id" C:\xampp\htdocs\flexapp\application\views\reports\sale_report.php 93
ERROR - 2023-03-21 09:00:10 --> Severity: Warning --> Undefined array key "product_name" C:\xampp\htdocs\flexapp\application\views\reports\sale_report.php 93
ERROR - 2023-03-21 09:00:10 --> Severity: Warning --> Undefined array key "product_id" C:\xampp\htdocs\flexapp\application\views\reports\sale_report.php 93
ERROR - 2023-03-21 09:00:10 --> Severity: Warning --> Undefined array key "product_name" C:\xampp\htdocs\flexapp\application\views\reports\sale_report.php 93
ERROR - 2023-03-21 09:00:10 --> Severity: Warning --> Undefined array key "product_id" C:\xampp\htdocs\flexapp\application\views\reports\sale_report.php 93
ERROR - 2023-03-21 09:00:10 --> Severity: Warning --> Undefined array key "product_name" C:\xampp\htdocs\flexapp\application\views\reports\sale_report.php 93
ERROR - 2023-03-21 09:00:10 --> Severity: Warning --> Undefined array key "product_id" C:\xampp\htdocs\flexapp\application\views\reports\sale_report.php 93
ERROR - 2023-03-21 09:00:10 --> Severity: Warning --> Undefined array key "product_name" C:\xampp\htdocs\flexapp\application\views\reports\sale_report.php 93
ERROR - 2023-03-21 09:00:10 --> Severity: Warning --> Undefined array key "product_id" C:\xampp\htdocs\flexapp\application\views\reports\sale_report.php 93
ERROR - 2023-03-21 09:00:10 --> Severity: Warning --> Undefined array key "product_name" C:\xampp\htdocs\flexapp\application\views\reports\sale_report.php 93
ERROR - 2023-03-21 09:00:10 --> Severity: Warning --> Undefined array key "product_id" C:\xampp\htdocs\flexapp\application\views\reports\sale_report.php 93
ERROR - 2023-03-21 09:00:10 --> Severity: Warning --> Undefined array key "product_name" C:\xampp\htdocs\flexapp\application\views\reports\sale_report.php 93
ERROR - 2023-03-21 09:00:10 --> Severity: Warning --> Undefined array key "product_id" C:\xampp\htdocs\flexapp\application\views\reports\sale_report.php 93
ERROR - 2023-03-21 09:00:10 --> Severity: Warning --> Undefined array key "product_name" C:\xampp\htdocs\flexapp\application\views\reports\sale_report.php 93
ERROR - 2023-03-21 09:00:10 --> Severity: Warning --> Undefined array key "product_id" C:\xampp\htdocs\flexapp\application\views\reports\sale_report.php 93
ERROR - 2023-03-21 09:00:10 --> Severity: Warning --> Undefined array key "product_name" C:\xampp\htdocs\flexapp\application\views\reports\sale_report.php 93
ERROR - 2023-03-21 09:00:10 --> Severity: Warning --> Undefined array key "product_id" C:\xampp\htdocs\flexapp\application\views\reports\sale_report.php 93
ERROR - 2023-03-21 09:00:10 --> Severity: Warning --> Undefined array key "product_name" C:\xampp\htdocs\flexapp\application\views\reports\sale_report.php 93
ERROR - 2023-03-21 09:00:10 --> Severity: Warning --> Undefined array key "product_id" C:\xampp\htdocs\flexapp\application\views\reports\sale_report.php 93
ERROR - 2023-03-21 09:00:10 --> Severity: Warning --> Undefined array key "product_name" C:\xampp\htdocs\flexapp\application\views\reports\sale_report.php 93
ERROR - 2023-03-21 09:00:10 --> Severity: Warning --> Undefined array key "product_id" C:\xampp\htdocs\flexapp\application\views\reports\sale_report.php 93
ERROR - 2023-03-21 09:00:10 --> Severity: Warning --> Undefined array key "product_name" C:\xampp\htdocs\flexapp\application\views\reports\sale_report.php 93
ERROR - 2023-03-21 09:00:10 --> Severity: Warning --> Undefined array key "product_id" C:\xampp\htdocs\flexapp\application\views\reports\sale_report.php 93
ERROR - 2023-03-21 09:00:10 --> Severity: Warning --> Undefined array key "product_name" C:\xampp\htdocs\flexapp\application\views\reports\sale_report.php 93
ERROR - 2023-03-21 09:00:10 --> Severity: Warning --> Undefined array key "product_id" C:\xampp\htdocs\flexapp\application\views\reports\sale_report.php 93
ERROR - 2023-03-21 09:00:10 --> Severity: Warning --> Undefined array key "product_name" C:\xampp\htdocs\flexapp\application\views\reports\sale_report.php 93
ERROR - 2023-03-21 09:00:10 --> Severity: Warning --> Undefined array key "product_id" C:\xampp\htdocs\flexapp\application\views\reports\sale_report.php 93
ERROR - 2023-03-21 09:00:10 --> Severity: Warning --> Undefined array key "product_name" C:\xampp\htdocs\flexapp\application\views\reports\sale_report.php 93
INFO - 2023-03-21 09:00:10 --> File loaded: version.php
INFO - 2023-03-21 09:00:10 --> File loaded: assets/includes/footer.php
INFO - 2023-03-21 09:00:10 --> File loaded: assets/includes/footer_links.php
INFO - 2023-03-21 09:00:10 --> File loaded: C:\xampp\htdocs\flexapp\application\views\reports/sale_report.php
INFO - 2023-03-21 09:00:10 --> Final output sent to browser
DEBUG - 2023-03-21 09:00:10 --> Total execution time: 0.3088
INFO - 2023-03-21 09:00:10 --> Config Class Initialized
INFO - 2023-03-21 09:00:10 --> Hooks Class Initialized
DEBUG - 2023-03-21 09:00:10 --> UTF-8 Support Enabled
INFO - 2023-03-21 09:00:10 --> Utf8 Class Initialized
INFO - 2023-03-21 09:00:10 --> URI Class Initialized
INFO - 2023-03-21 09:00:10 --> Router Class Initialized
INFO - 2023-03-21 09:00:10 --> Output Class Initialized
INFO - 2023-03-21 09:00:10 --> Security Class Initialized
DEBUG - 2023-03-21 09:00:10 --> Global POST, GET and COOKIE data sanitized
INFO - 2023-03-21 09:00:10 --> Input Class Initialized
INFO - 2023-03-21 09:00:10 --> Language Class Initialized
ERROR - 2023-03-21 09:00:10 --> 404 Page Not Found: Assets/plugins
INFO - 2023-03-21 09:00:43 --> Config Class Initialized
INFO - 2023-03-21 09:00:43 --> Hooks Class Initialized
DEBUG - 2023-03-21 09:00:43 --> UTF-8 Support Enabled
INFO - 2023-03-21 09:00:43 --> Utf8 Class Initialized
INFO - 2023-03-21 09:00:43 --> URI Class Initialized
INFO - 2023-03-21 09:00:43 --> Router Class Initialized
INFO - 2023-03-21 09:00:43 --> Output Class Initialized
INFO - 2023-03-21 09:00:43 --> Security Class Initialized
DEBUG - 2023-03-21 09:00:43 --> Global POST, GET and COOKIE data sanitized
INFO - 2023-03-21 09:00:43 --> Input Class Initialized
INFO - 2023-03-21 09:00:43 --> Language Class Initialized
INFO - 2023-03-21 09:00:43 --> Loader Class Initialized
INFO - 2023-03-21 09:00:43 --> Helper loaded: url_helper
INFO - 2023-03-21 09:00:43 --> Helper loaded: file_helper
INFO - 2023-03-21 09:00:43 --> Database Driver Class Initialized
INFO - 2023-03-21 09:00:43 --> Email Class Initialized
DEBUG - 2023-03-21 09:00:43 --> Session: "sess_save_path" is empty; using "session.save_path" value from php.ini.
INFO - 2023-03-21 09:00:43 --> Session: Class initialized using 'files' driver.
INFO - 2023-03-21 09:00:43 --> Helper loaded: form_helper
INFO - 2023-03-21 09:00:43 --> Form Validation Class Initialized
INFO - 2023-03-21 09:00:43 --> Controller Class Initialized
INFO - 2023-03-21 09:00:43 --> Model "Reports_Model" initialized
INFO - 2023-03-21 09:00:43 --> Model "Main_Model" initialized
ERROR - 2023-03-21 09:00:43 --> Query error: Table 'swift.sale_detail' doesn't exist - Invalid query: SELECT `i`.`date`, `p`.`product_id`, `p`.`product_name`, `qty`
FROM `sale_detail` as `s`
JOIN `product` as `p` ON `p`.`product_id` = `s`.`product_id`
JOIN `sale` as `i` ON `i`.`sale_id` = `s`.`sale_id`
WHERE `s`.`product_id` = '\r\n<div style='
AND `date` BETWEEN '2009-12-29' AND '2023-03-21'
GROUP BY `i`.`date`
INFO - 2023-03-21 09:00:43 --> Language file loaded: language/english/db_lang.php
INFO - 2023-03-21 09:01:19 --> Config Class Initialized
INFO - 2023-03-21 09:01:19 --> Hooks Class Initialized
DEBUG - 2023-03-21 09:01:19 --> UTF-8 Support Enabled
INFO - 2023-03-21 09:01:19 --> Utf8 Class Initialized
INFO - 2023-03-21 09:01:19 --> URI Class Initialized
INFO - 2023-03-21 09:01:19 --> Router Class Initialized
INFO - 2023-03-21 09:01:19 --> Output Class Initialized
INFO - 2023-03-21 09:01:19 --> Security Class Initialized
DEBUG - 2023-03-21 09:01:19 --> Global POST, GET and COOKIE data sanitized
INFO - 2023-03-21 09:01:19 --> Input Class Initialized
INFO - 2023-03-21 09:01:19 --> Language Class Initialized
INFO - 2023-03-21 09:01:19 --> Loader Class Initialized
INFO - 2023-03-21 09:01:19 --> Helper loaded: url_helper
INFO - 2023-03-21 09:01:19 --> Helper loaded: file_helper
INFO - 2023-03-21 09:01:19 --> Database Driver Class Initialized
INFO - 2023-03-21 09:01:19 --> Email Class Initialized
DEBUG - 2023-03-21 09:01:19 --> Session: "sess_save_path" is empty; using "session.save_path" value from php.ini.
INFO - 2023-03-21 09:01:19 --> Session: Class initialized using 'files' driver.
INFO - 2023-03-21 09:01:19 --> Helper loaded: form_helper
INFO - 2023-03-21 09:01:19 --> Form Validation Class Initialized
INFO - 2023-03-21 09:01:19 --> Controller Class Initialized
INFO - 2023-03-21 09:01:19 --> Model "Reports_Model" initialized
INFO - 2023-03-21 09:01:19 --> Model "Main_Model" initialized
INFO - 2023-03-21 09:01:19 --> File loaded: assets/includes/top_links.php
INFO - 2023-03-21 09:01:19 --> File loaded: assets/includes/top_navbar.php
INFO - 2023-03-21 09:01:19 --> File loaded: assets/includes/notification.php
INFO - 2023-03-21 09:01:19 --> File loaded: assets/includes/sidebar.php
INFO - 2023-03-21 09:01:19 --> File loaded: assets/includes/reports_bar.php
ERROR - 2023-03-21 09:01:19 --> Severity: Warning --> Undefined array key "product_id" C:\xampp\htdocs\flexapp\application\views\reports\sale_report.php 93
ERROR - 2023-03-21 09:01:19 --> Severity: Warning --> Undefined array key "product_name" C:\xampp\htdocs\flexapp\application\views\reports\sale_report.php 93
ERROR - 2023-03-21 09:01:19 --> Severity: Warning --> Undefined array key "product_id" C:\xampp\htdocs\flexapp\application\views\reports\sale_report.php 93
ERROR - 2023-03-21 09:01:19 --> Severity: Warning --> Undefined array key "product_name" C:\xampp\htdocs\flexapp\application\views\reports\sale_report.php 93
ERROR - 2023-03-21 09:01:19 --> Severity: Warning --> Undefined array key "product_id" C:\xampp\htdocs\flexapp\application\views\reports\sale_report.php 93
ERROR - 2023-03-21 09:01:19 --> Severity: Warning --> Undefined array key "product_name" C:\xampp\htdocs\flexapp\application\views\reports\sale_report.php 93
ERROR - 2023-03-21 09:01:19 --> Severity: Warning --> Undefined array key "product_id" C:\xampp\htdocs\flexapp\application\views\reports\sale_report.php 93
ERROR - 2023-03-21 09:01:19 --> Severity: Warning --> Undefined array key "product_name" C:\xampp\htdocs\flexapp\application\views\reports\sale_report.php 93
ERROR - 2023-03-21 09:01:19 --> Severity: Warning --> Undefined array key "product_id" C:\xampp\htdocs\flexapp\application\views\reports\sale_report.php 93
ERROR - 2023-03-21 09:01:19 --> Severity: Warning --> Undefined array key "product_name" C:\xampp\htdocs\flexapp\application\views\reports\sale_report.php 93
ERROR - 2023-03-21 09:01:19 --> Severity: Warning --> Undefined array key "product_id" C:\xampp\htdocs\flexapp\application\views\reports\sale_report.php 93
ERROR - 2023-03-21 09:01:19 --> Severity: Warning --> Undefined array key "product_name" C:\xampp\htdocs\flexapp\application\views\reports\sale_report.php 93
ERROR - 2023-03-21 09:01:19 --> Severity: Warning --> Undefined array key "product_id" C:\xampp\htdocs\flexapp\application\views\reports\sale_report.php 93
ERROR - 2023-03-21 09:01:19 --> Severity: Warning --> Undefined array key "product_name" C:\xampp\htdocs\flexapp\application\views\reports\sale_report.php 93
ERROR - 2023-03-21 09:01:19 --> Severity: Warning --> Undefined array key "product_id" C:\xampp\htdocs\flexapp\application\views\reports\sale_report.php 93
ERROR - 2023-03-21 09:01:19 --> Severity: Warning --> Undefined array key "product_name" C:\xampp\htdocs\flexapp\application\views\reports\sale_report.php 93
ERROR - 2023-03-21 09:01:19 --> Severity: Warning --> Undefined array key "product_id" C:\xampp\htdocs\flexapp\application\views\reports\sale_report.php 93
ERROR - 2023-03-21 09:01:19 --> Severity: Warning --> Undefined array key "product_name" C:\xampp\htdocs\flexapp\application\views\reports\sale_report.php 93
ERROR - 2023-03-21 09:01:19 --> Severity: Warning --> Undefined array key "product_id" C:\xampp\htdocs\flexapp\application\views\reports\sale_report.php 93
ERROR - 2023-03-21 09:01:19 --> Severity: Warning --> Undefined array key "product_name" C:\xampp\htdocs\flexapp\application\views\reports\sale_report.php 93
ERROR - 2023-03-21 09:01:19 --> Severity: Warning --> Undefined array key "product_id" C:\xampp\htdocs\flexapp\application\views\reports\sale_report.php 93
ERROR - 2023-03-21 09:01:19 --> Severity: Warning --> Undefined array key "product_name" C:\xampp\htdocs\flexapp\application\views\reports\sale_report.php 93
ERROR - 2023-03-21 09:01:19 --> Severity: Warning --> Undefined array key "product_id" C:\xampp\htdocs\flexapp\application\views\reports\sale_report.php 93
ERROR - 2023-03-21 09:01:19 --> Severity: Warning --> Undefined array key "product_name" C:\xampp\htdocs\flexapp\application\views\reports\sale_report.php 93
ERROR - 2023-03-21 09:01:19 --> Severity: Warning --> Undefined array key "product_id" C:\xampp\htdocs\flexapp\application\views\reports\sale_report.php 93
ERROR - 2023-03-21 09:01:19 --> Severity: Warning --> Undefined array key "product_name" C:\xampp\htdocs\flexapp\application\views\reports\sale_report.php 93
ERROR - 2023-03-21 09:01:19 --> Severity: Warning --> Undefined array key "product_id" C:\xampp\htdocs\flexapp\application\views\reports\sale_report.php 93
ERROR - 2023-03-21 09:01:19 --> Severity: Warning --> Undefined array key "product_name" C:\xampp\htdocs\flexapp\application\views\reports\sale_report.php 93
ERROR - 2023-03-21 09:01:19 --> Severity: Warning --> Undefined array key "product_id" C:\xampp\htdocs\flexapp\application\views\reports\sale_report.php 93
ERROR - 2023-03-21 09:01:19 --> Severity: Warning --> Undefined array key "product_name" C:\xampp\htdocs\flexapp\application\views\reports\sale_report.php 93
ERROR - 2023-03-21 09:01:19 --> Severity: Warning --> Undefined array key "product_id" C:\xampp\htdocs\flexapp\application\views\reports\sale_report.php 93
ERROR - 2023-03-21 09:01:19 --> Severity: Warning --> Undefined array key "product_name" C:\xampp\htdocs\flexapp\application\views\reports\sale_report.php 93
ERROR - 2023-03-21 09:01:19 --> Severity: Warning --> Undefined array key "product_id" C:\xampp\htdocs\flexapp\application\views\reports\sale_report.php 93
ERROR - 2023-03-21 09:01:19 --> Severity: Warning --> Undefined array key "product_name" C:\xampp\htdocs\flexapp\application\views\reports\sale_report.php 93
ERROR - 2023-03-21 09:01:19 --> Severity: Warning --> Undefined array key "product_id" C:\xampp\htdocs\flexapp\application\views\reports\sale_report.php 93
ERROR - 2023-03-21 09:01:19 --> Severity: Warning --> Undefined array key "product_name" C:\xampp\htdocs\flexapp\application\views\reports\sale_report.php 93
ERROR - 2023-03-21 09:01:19 --> Severity: Warning --> Undefined array key "product_id" C:\xampp\htdocs\flexapp\application\views\reports\sale_report.php 93
ERROR - 2023-03-21 09:01:19 --> Severity: Warning --> Undefined array key "product_name" C:\xampp\htdocs\flexapp\application\views\reports\sale_report.php 93
ERROR - 2023-03-21 09:01:19 --> Severity: Warning --> Undefined array key "product_id" C:\xampp\htdocs\flexapp\application\views\reports\sale_report.php 93
ERROR - 2023-03-21 09:01:19 --> Severity: Warning --> Undefined array key "product_name" C:\xampp\htdocs\flexapp\application\views\reports\sale_report.php 93
ERROR - 2023-03-21 09:01:19 --> Severity: Warning --> Undefined array key "product_id" C:\xampp\htdocs\flexapp\application\views\reports\sale_report.php 93
ERROR - 2023-03-21 09:01:19 --> Severity: Warning --> Undefined array key "product_name" C:\xampp\htdocs\flexapp\application\views\reports\sale_report.php 93
ERROR - 2023-03-21 09:01:19 --> Severity: Warning --> Undefined array key "product_id" C:\xampp\htdocs\flexapp\application\views\reports\sale_report.php 93
ERROR - 2023-03-21 09:01:19 --> Severity: Warning --> Undefined array key "product_name" C:\xampp\htdocs\flexapp\application\views\reports\sale_report.php 93
ERROR - 2023-03-21 09:01:19 --> Severity: Warning --> Undefined array key "product_id" C:\xampp\htdocs\flexapp\application\views\reports\sale_report.php 93
ERROR - 2023-03-21 09:01:19 --> Severity: Warning --> Undefined array key "product_name" C:\xampp\htdocs\flexapp\application\views\reports\sale_report.php 93
ERROR - 2023-03-21 09:01:19 --> Severity: Warning --> Undefined array key "product_id" C:\xampp\htdocs\flexapp\application\views\reports\sale_report.php 93
ERROR - 2023-03-21 09:01:19 --> Severity: Warning --> Undefined array key "product_name" C:\xampp\htdocs\flexapp\application\views\reports\sale_report.php 93
ERROR - 2023-03-21 09:01:19 --> Severity: Warning --> Undefined array key "product_id" C:\xampp\htdocs\flexapp\application\views\reports\sale_report.php 93
ERROR - 2023-03-21 09:01:19 --> Severity: Warning --> Undefined array key "product_name" C:\xampp\htdocs\flexapp\application\views\reports\sale_report.php 93
ERROR - 2023-03-21 09:01:19 --> Severity: Warning --> Undefined array key "product_id" C:\xampp\htdocs\flexapp\application\views\reports\sale_report.php 93
ERROR - 2023-03-21 09:01:19 --> Severity: Warning --> Undefined array key "product_name" C:\xampp\htdocs\flexapp\application\views\reports\sale_report.php 93
ERROR - 2023-03-21 09:01:19 --> Severity: Warning --> Undefined array key "product_id" C:\xampp\htdocs\flexapp\application\views\reports\sale_report.php 93
ERROR - 2023-03-21 09:01:19 --> Severity: Warning --> Undefined array key "product_name" C:\xampp\htdocs\flexapp\application\views\reports\sale_report.php 93
ERROR - 2023-03-21 09:01:19 --> Severity: Warning --> Undefined array key "product_id" C:\xampp\htdocs\flexapp\application\views\reports\sale_report.php 93
ERROR - 2023-03-21 09:01:19 --> Severity: Warning --> Undefined array key "product_name" C:\xampp\htdocs\flexapp\application\views\reports\sale_report.php 93
ERROR - 2023-03-21 09:01:19 --> Severity: Warning --> Undefined array key "product_id" C:\xampp\htdocs\flexapp\application\views\reports\sale_report.php 93
ERROR - 2023-03-21 09:01:19 --> Severity: Warning --> Undefined array key "product_name" C:\xampp\htdocs\flexapp\application\views\reports\sale_report.php 93
ERROR - 2023-03-21 09:01:19 --> Severity: Warning --> Undefined array key "product_id" C:\xampp\htdocs\flexapp\application\views\reports\sale_report.php 93
ERROR - 2023-03-21 09:01:19 --> Severity: Warning --> Undefined array key "product_name" C:\xampp\htdocs\flexapp\application\views\reports\sale_report.php 93
ERROR - 2023-03-21 09:01:19 --> Severity: Warning --> Undefined array key "product_id" C:\xampp\htdocs\flexapp\application\views\reports\sale_report.php 93
ERROR - 2023-03-21 09:01:19 --> Severity: Warning --> Undefined array key "product_name" C:\xampp\htdocs\flexapp\application\views\reports\sale_report.php 93
ERROR - 2023-03-21 09:01:19 --> Severity: Warning --> Undefined array key "product_id" C:\xampp\htdocs\flexapp\application\views\reports\sale_report.php 93
ERROR - 2023-03-21 09:01:19 --> Severity: Warning --> Undefined array key "product_name" C:\xampp\htdocs\flexapp\application\views\reports\sale_report.php 93
ERROR - 2023-03-21 09:01:19 --> Severity: Warning --> Undefined array key "product_id" C:\xampp\htdocs\flexapp\application\views\reports\sale_report.php 93
ERROR - 2023-03-21 09:01:19 --> Severity: Warning --> Undefined array key "product_name" C:\xampp\htdocs\flexapp\application\views\reports\sale_report.php 93
ERROR - 2023-03-21 09:01:19 --> Severity: Warning --> Undefined array key "product_id" C:\xampp\htdocs\flexapp\application\views\reports\sale_report.php 93
ERROR - 2023-03-21 09:01:19 --> Severity: Warning --> Undefined array key "product_name" C:\xampp\htdocs\flexapp\application\views\reports\sale_report.php 93
ERROR - 2023-03-21 09:01:20 --> Severity: Warning --> Undefined array key "product_id" C:\xampp\htdocs\flexapp\application\views\reports\sale_report.php 93
ERROR - 2023-03-21 09:01:20 --> Severity: Warning --> Undefined array key "product_name" C:\xampp\htdocs\flexapp\application\views\reports\sale_report.php 93
ERROR - 2023-03-21 09:01:20 --> Severity: Warning --> Undefined array key "product_id" C:\xampp\htdocs\flexapp\application\views\reports\sale_report.php 93
ERROR - 2023-03-21 09:01:20 --> Severity: Warning --> Undefined array key "product_name" C:\xampp\htdocs\flexapp\application\views\reports\sale_report.php 93
ERROR - 2023-03-21 09:01:20 --> Severity: Warning --> Undefined array key "product_id" C:\xampp\htdocs\flexapp\application\views\reports\sale_report.php 93
ERROR - 2023-03-21 09:01:20 --> Severity: Warning --> Undefined array key "product_name" C:\xampp\htdocs\flexapp\application\views\reports\sale_report.php 93
ERROR - 2023-03-21 09:01:20 --> Severity: Warning --> Undefined array key "product_id" C:\xampp\htdocs\flexapp\application\views\reports\sale_report.php 93
ERROR - 2023-03-21 09:01:20 --> Severity: Warning --> Undefined array key "product_name" C:\xampp\htdocs\flexapp\application\views\reports\sale_report.php 93
ERROR - 2023-03-21 09:01:20 --> Severity: Warning --> Undefined array key "product_id" C:\xampp\htdocs\flexapp\application\views\reports\sale_report.php 93
ERROR - 2023-03-21 09:01:20 --> Severity: Warning --> Undefined array key "product_name" C:\xampp\htdocs\flexapp\application\views\reports\sale_report.php 93
ERROR - 2023-03-21 09:01:20 --> Severity: Warning --> Undefined array key "product_id" C:\xampp\htdocs\flexapp\application\views\reports\sale_report.php 93
ERROR - 2023-03-21 09:01:20 --> Severity: Warning --> Undefined array key "product_name" C:\xampp\htdocs\flexapp\application\views\reports\sale_report.php 93
ERROR - 2023-03-21 09:01:20 --> Severity: Warning --> Undefined array key "product_id" C:\xampp\htdocs\flexapp\application\views\reports\sale_report.php 93
ERROR - 2023-03-21 09:01:20 --> Severity: Warning --> Undefined array key "product_name" C:\xampp\htdocs\flexapp\application\views\reports\sale_report.php 93
ERROR - 2023-03-21 09:01:20 --> Severity: Warning --> Undefined array key "product_id" C:\xampp\htdocs\flexapp\application\views\reports\sale_report.php 93
ERROR - 2023-03-21 09:01:20 --> Severity: Warning --> Undefined array key "product_name" C:\xampp\htdocs\flexapp\application\views\reports\sale_report.php 93
INFO - 2023-03-21 09:01:20 --> File loaded: version.php
INFO - 2023-03-21 09:01:20 --> File loaded: assets/includes/footer.php
INFO - 2023-03-21 09:01:20 --> File loaded: assets/includes/footer_links.php
INFO - 2023-03-21 09:01:20 --> File loaded: C:\xampp\htdocs\flexapp\application\views\reports/sale_report.php
INFO - 2023-03-21 09:01:20 --> Final output sent to browser
DEBUG - 2023-03-21 09:01:20 --> Total execution time: 0.1733
INFO - 2023-03-21 09:04:05 --> Config Class Initialized
INFO - 2023-03-21 09:04:05 --> Hooks Class Initialized
DEBUG - 2023-03-21 09:04:05 --> UTF-8 Support Enabled
INFO - 2023-03-21 09:04:05 --> Utf8 Class Initialized
INFO - 2023-03-21 09:04:05 --> URI Class Initialized
INFO - 2023-03-21 09:04:05 --> Router Class Initialized
INFO - 2023-03-21 09:04:05 --> Output Class Initialized
INFO - 2023-03-21 09:04:05 --> Security Class Initialized
DEBUG - 2023-03-21 09:04:05 --> Global POST, GET and COOKIE data sanitized
INFO - 2023-03-21 09:04:05 --> Input Class Initialized
INFO - 2023-03-21 09:04:05 --> Language Class Initialized
INFO - 2023-03-21 09:04:05 --> Loader Class Initialized
INFO - 2023-03-21 09:04:05 --> Helper loaded: url_helper
INFO - 2023-03-21 09:04:05 --> Helper loaded: file_helper
INFO - 2023-03-21 09:04:05 --> Database Driver Class Initialized
INFO - 2023-03-21 09:04:05 --> Email Class Initialized
DEBUG - 2023-03-21 09:04:05 --> Session: "sess_save_path" is empty; using "session.save_path" value from php.ini.
INFO - 2023-03-21 09:04:05 --> Session: Class initialized using 'files' driver.
INFO - 2023-03-21 09:04:05 --> Helper loaded: form_helper
INFO - 2023-03-21 09:04:05 --> Form Validation Class Initialized
INFO - 2023-03-21 09:04:05 --> Controller Class Initialized
INFO - 2023-03-21 09:04:05 --> Model "Reports_Model" initialized
INFO - 2023-03-21 09:04:05 --> Model "Main_Model" initialized
ERROR - 2023-03-21 09:04:05 --> Severity: error --> Exception: Call to undefined method Main_Model::getProduct() C:\xampp\htdocs\flexapp\application\controllers\Reports.php 21
INFO - 2023-03-21 09:04:53 --> Config Class Initialized
INFO - 2023-03-21 09:04:53 --> Hooks Class Initialized
DEBUG - 2023-03-21 09:04:53 --> UTF-8 Support Enabled
INFO - 2023-03-21 09:04:53 --> Utf8 Class Initialized
INFO - 2023-03-21 09:04:53 --> URI Class Initialized
INFO - 2023-03-21 09:04:53 --> Router Class Initialized
INFO - 2023-03-21 09:04:53 --> Output Class Initialized
INFO - 2023-03-21 09:04:53 --> Security Class Initialized
DEBUG - 2023-03-21 09:04:53 --> Global POST, GET and COOKIE data sanitized
INFO - 2023-03-21 09:04:53 --> Input Class Initialized
INFO - 2023-03-21 09:04:53 --> Language Class Initialized
ERROR - 2023-03-21 09:04:53 --> 404 Page Not Found: Reports/diff
INFO - 2023-03-21 09:04:59 --> Config Class Initialized
INFO - 2023-03-21 09:04:59 --> Hooks Class Initialized
DEBUG - 2023-03-21 09:05:00 --> UTF-8 Support Enabled
INFO - 2023-03-21 09:05:00 --> Utf8 Class Initialized
INFO - 2023-03-21 09:05:00 --> URI Class Initialized
INFO - 2023-03-21 09:05:00 --> Router Class Initialized
INFO - 2023-03-21 09:05:00 --> Output Class Initialized
INFO - 2023-03-21 09:05:00 --> Security Class Initialized
DEBUG - 2023-03-21 09:05:00 --> Global POST, GET and COOKIE data sanitized
INFO - 2023-03-21 09:05:00 --> Input Class Initialized
INFO - 2023-03-21 09:05:00 --> Language Class Initialized
INFO - 2023-03-21 09:05:00 --> Loader Class Initialized
INFO - 2023-03-21 09:05:00 --> Helper loaded: url_helper
INFO - 2023-03-21 09:05:00 --> Helper loaded: file_helper
INFO - 2023-03-21 09:05:00 --> Database Driver Class Initialized
INFO - 2023-03-21 09:05:00 --> Email Class Initialized
DEBUG - 2023-03-21 09:05:00 --> Session: "sess_save_path" is empty; using "session.save_path" value from php.ini.
INFO - 2023-03-21 09:05:00 --> Session: Class initialized using 'files' driver.
INFO - 2023-03-21 09:05:00 --> Helper loaded: form_helper
INFO - 2023-03-21 09:05:00 --> Form Validation Class Initialized
INFO - 2023-03-21 09:05:00 --> Controller Class Initialized
INFO - 2023-03-21 09:05:00 --> Model "Reports_Model" initialized
INFO - 2023-03-21 09:05:00 --> Model "Main_Model" initialized
INFO - 2023-03-21 09:05:04 --> Config Class Initialized
INFO - 2023-03-21 09:05:04 --> Hooks Class Initialized
DEBUG - 2023-03-21 09:05:04 --> UTF-8 Support Enabled
INFO - 2023-03-21 09:05:04 --> Utf8 Class Initialized
INFO - 2023-03-21 09:05:04 --> URI Class Initialized
INFO - 2023-03-21 09:05:04 --> Router Class Initialized
INFO - 2023-03-21 09:05:04 --> Output Class Initialized
INFO - 2023-03-21 09:05:04 --> Security Class Initialized
DEBUG - 2023-03-21 09:05:04 --> Global POST, GET and COOKIE data sanitized
INFO - 2023-03-21 09:05:04 --> Input Class Initialized
INFO - 2023-03-21 09:05:04 --> Language Class Initialized
INFO - 2023-03-21 09:05:04 --> Loader Class Initialized
INFO - 2023-03-21 09:05:04 --> Helper loaded: url_helper
INFO - 2023-03-21 09:05:04 --> Helper loaded: file_helper
INFO - 2023-03-21 09:05:04 --> Database Driver Class Initialized
INFO - 2023-03-21 09:05:04 --> Email Class Initialized
DEBUG - 2023-03-21 09:05:04 --> Session: "sess_save_path" is empty; using "session.save_path" value from php.ini.
INFO - 2023-03-21 09:05:04 --> Session: Class initialized using 'files' driver.
INFO - 2023-03-21 09:05:04 --> Helper loaded: form_helper
INFO - 2023-03-21 09:05:04 --> Form Validation Class Initialized
INFO - 2023-03-21 09:05:04 --> Controller Class Initialized
INFO - 2023-03-21 09:05:04 --> Model "Reports_Model" initialized
INFO - 2023-03-21 09:05:04 --> Model "Main_Model" initialized
ERROR - 2023-03-21 09:05:04 --> Severity: error --> Exception: Call to undefined method Main_Model::getProduct() C:\xampp\htdocs\flexapp\application\controllers\Reports.php 21
INFO - 2023-03-21 09:05:07 --> Config Class Initialized
INFO - 2023-03-21 09:05:07 --> Hooks Class Initialized
DEBUG - 2023-03-21 09:05:07 --> UTF-8 Support Enabled
INFO - 2023-03-21 09:05:07 --> Utf8 Class Initialized
INFO - 2023-03-21 09:05:07 --> URI Class Initialized
INFO - 2023-03-21 09:05:07 --> Router Class Initialized
INFO - 2023-03-21 09:05:07 --> Output Class Initialized
INFO - 2023-03-21 09:05:07 --> Security Class Initialized
DEBUG - 2023-03-21 09:05:07 --> Global POST, GET and COOKIE data sanitized
INFO - 2023-03-21 09:05:07 --> Input Class Initialized
INFO - 2023-03-21 09:05:07 --> Language Class Initialized
INFO - 2023-03-21 09:05:07 --> Loader Class Initialized
INFO - 2023-03-21 09:05:07 --> Helper loaded: url_helper
INFO - 2023-03-21 09:05:07 --> Helper loaded: file_helper
INFO - 2023-03-21 09:05:07 --> Database Driver Class Initialized
INFO - 2023-03-21 09:05:07 --> Email Class Initialized
DEBUG - 2023-03-21 09:05:07 --> Session: "sess_save_path" is empty; using "session.save_path" value from php.ini.
INFO - 2023-03-21 09:05:07 --> Session: Class initialized using 'files' driver.
INFO - 2023-03-21 09:05:07 --> Helper loaded: form_helper
INFO - 2023-03-21 09:05:07 --> Form Validation Class Initialized
INFO - 2023-03-21 09:05:07 --> Controller Class Initialized
INFO - 2023-03-21 09:05:07 --> Model "Reports_Model" initialized
INFO - 2023-03-21 09:05:07 --> Model "Main_Model" initialized
ERROR - 2023-03-21 09:05:07 --> Severity: error --> Exception: Call to undefined method Main_Model::getProduct() C:\xampp\htdocs\flexapp\application\controllers\Reports.php 21
INFO - 2023-03-21 09:05:32 --> Config Class Initialized
INFO - 2023-03-21 09:05:32 --> Hooks Class Initialized
DEBUG - 2023-03-21 09:05:32 --> UTF-8 Support Enabled
INFO - 2023-03-21 09:05:32 --> Utf8 Class Initialized
INFO - 2023-03-21 09:05:32 --> URI Class Initialized
INFO - 2023-03-21 09:05:32 --> Router Class Initialized
INFO - 2023-03-21 09:05:32 --> Output Class Initialized
INFO - 2023-03-21 09:05:32 --> Security Class Initialized
DEBUG - 2023-03-21 09:05:32 --> Global POST, GET and COOKIE data sanitized
INFO - 2023-03-21 09:05:32 --> Input Class Initialized
INFO - 2023-03-21 09:05:32 --> Language Class Initialized
INFO - 2023-03-21 09:05:32 --> Loader Class Initialized
INFO - 2023-03-21 09:05:32 --> Helper loaded: url_helper
INFO - 2023-03-21 09:05:32 --> Helper loaded: file_helper
INFO - 2023-03-21 09:05:32 --> Database Driver Class Initialized
INFO - 2023-03-21 09:05:32 --> Email Class Initialized
DEBUG - 2023-03-21 09:05:32 --> Session: "sess_save_path" is empty; using "session.save_path" value from php.ini.
INFO - 2023-03-21 09:05:32 --> Session: Class initialized using 'files' driver.
INFO - 2023-03-21 09:05:32 --> Helper loaded: form_helper
INFO - 2023-03-21 09:05:32 --> Form Validation Class Initialized
INFO - 2023-03-21 09:05:32 --> Controller Class Initialized
INFO - 2023-03-21 09:05:32 --> Model "Reports_Model" initialized
INFO - 2023-03-21 09:05:32 --> Model "Main_Model" initialized
INFO - 2023-03-21 09:05:32 --> File loaded: assets/includes/top_links.php
INFO - 2023-03-21 09:05:32 --> File loaded: assets/includes/top_navbar.php
INFO - 2023-03-21 09:05:32 --> File loaded: assets/includes/notification.php
INFO - 2023-03-21 09:05:32 --> File loaded: assets/includes/sidebar.php
INFO - 2023-03-21 09:05:32 --> File loaded: assets/includes/reports_bar.php
ERROR - 2023-03-21 09:05:32 --> Severity: Warning --> Undefined array key "product_id" C:\xampp\htdocs\flexapp\application\views\reports\sale_report.php 93
ERROR - 2023-03-21 09:05:32 --> Severity: Warning --> Undefined array key "product_name" C:\xampp\htdocs\flexapp\application\views\reports\sale_report.php 93
ERROR - 2023-03-21 09:05:32 --> Severity: Warning --> Undefined array key "product_id" C:\xampp\htdocs\flexapp\application\views\reports\sale_report.php 93
ERROR - 2023-03-21 09:05:32 --> Severity: Warning --> Undefined array key "product_name" C:\xampp\htdocs\flexapp\application\views\reports\sale_report.php 93
ERROR - 2023-03-21 09:05:32 --> Severity: Warning --> Undefined array key "product_id" C:\xampp\htdocs\flexapp\application\views\reports\sale_report.php 93
ERROR - 2023-03-21 09:05:32 --> Severity: Warning --> Undefined array key "product_name" C:\xampp\htdocs\flexapp\application\views\reports\sale_report.php 93
ERROR - 2023-03-21 09:05:32 --> Severity: Warning --> Undefined array key "product_id" C:\xampp\htdocs\flexapp\application\views\reports\sale_report.php 93
ERROR - 2023-03-21 09:05:32 --> Severity: Warning --> Undefined array key "product_name" C:\xampp\htdocs\flexapp\application\views\reports\sale_report.php 93
ERROR - 2023-03-21 09:05:32 --> Severity: Warning --> Undefined array key "product_id" C:\xampp\htdocs\flexapp\application\views\reports\sale_report.php 93
ERROR - 2023-03-21 09:05:32 --> Severity: Warning --> Undefined array key "product_name" C:\xampp\htdocs\flexapp\application\views\reports\sale_report.php 93
ERROR - 2023-03-21 09:05:32 --> Severity: Warning --> Undefined array key "product_id" C:\xampp\htdocs\flexapp\application\views\reports\sale_report.php 93
ERROR - 2023-03-21 09:05:32 --> Severity: Warning --> Undefined array key "product_name" C:\xampp\htdocs\flexapp\application\views\reports\sale_report.php 93
ERROR - 2023-03-21 09:05:32 --> Severity: Warning --> Undefined array key "product_id" C:\xampp\htdocs\flexapp\application\views\reports\sale_report.php 93
ERROR - 2023-03-21 09:05:32 --> Severity: Warning --> Undefined array key "product_name" C:\xampp\htdocs\flexapp\application\views\reports\sale_report.php 93
ERROR - 2023-03-21 09:05:32 --> Severity: Warning --> Undefined array key "product_id" C:\xampp\htdocs\flexapp\application\views\reports\sale_report.php 93
ERROR - 2023-03-21 09:05:32 --> Severity: Warning --> Undefined array key "product_name" C:\xampp\htdocs\flexapp\application\views\reports\sale_report.php 93
ERROR - 2023-03-21 09:05:32 --> Severity: Warning --> Undefined array key "product_id" C:\xampp\htdocs\flexapp\application\views\reports\sale_report.php 93
ERROR - 2023-03-21 09:05:32 --> Severity: Warning --> Undefined array key "product_name" C:\xampp\htdocs\flexapp\application\views\reports\sale_report.php 93
ERROR - 2023-03-21 09:05:32 --> Severity: Warning --> Undefined array key "product_id" C:\xampp\htdocs\flexapp\application\views\reports\sale_report.php 93
ERROR - 2023-03-21 09:05:32 --> Severity: Warning --> Undefined array key "product_name" C:\xampp\htdocs\flexapp\application\views\reports\sale_report.php 93
ERROR - 2023-03-21 09:05:32 --> Severity: Warning --> Undefined array key "product_id" C:\xampp\htdocs\flexapp\application\views\reports\sale_report.php 93
ERROR - 2023-03-21 09:05:32 --> Severity: Warning --> Undefined array key "product_name" C:\xampp\htdocs\flexapp\application\views\reports\sale_report.php 93
ERROR - 2023-03-21 09:05:32 --> Severity: Warning --> Undefined array key "product_id" C:\xampp\htdocs\flexapp\application\views\reports\sale_report.php 93
ERROR - 2023-03-21 09:05:32 --> Severity: Warning --> Undefined array key "product_name" C:\xampp\htdocs\flexapp\application\views\reports\sale_report.php 93
ERROR - 2023-03-21 09:05:32 --> Severity: Warning --> Undefined array key "product_id" C:\xampp\htdocs\flexapp\application\views\reports\sale_report.php 93
ERROR - 2023-03-21 09:05:32 --> Severity: Warning --> Undefined array key "product_name" C:\xampp\htdocs\flexapp\application\views\reports\sale_report.php 93
ERROR - 2023-03-21 09:05:32 --> Severity: Warning --> Undefined array key "product_id" C:\xampp\htdocs\flexapp\application\views\reports\sale_report.php 93
ERROR - 2023-03-21 09:05:32 --> Severity: Warning --> Undefined array key "product_name" C:\xampp\htdocs\flexapp\application\views\reports\sale_report.php 93
ERROR - 2023-03-21 09:05:32 --> Severity: Warning --> Undefined array key "product_id" C:\xampp\htdocs\flexapp\application\views\reports\sale_report.php 93
ERROR - 2023-03-21 09:05:32 --> Severity: Warning --> Undefined array key "product_name" C:\xampp\htdocs\flexapp\application\views\reports\sale_report.php 93
ERROR - 2023-03-21 09:05:32 --> Severity: Warning --> Undefined array key "product_id" C:\xampp\htdocs\flexapp\application\views\reports\sale_report.php 93
ERROR - 2023-03-21 09:05:32 --> Severity: Warning --> Undefined array key "product_name" C:\xampp\htdocs\flexapp\application\views\reports\sale_report.php 93
ERROR - 2023-03-21 09:05:32 --> Severity: Warning --> Undefined array key "product_id" C:\xampp\htdocs\flexapp\application\views\reports\sale_report.php 93
ERROR - 2023-03-21 09:05:32 --> Severity: Warning --> Undefined array key "product_name" C:\xampp\htdocs\flexapp\application\views\reports\sale_report.php 93
ERROR - 2023-03-21 09:05:32 --> Severity: Warning --> Undefined array key "product_id" C:\xampp\htdocs\flexapp\application\views\reports\sale_report.php 93
ERROR - 2023-03-21 09:05:32 --> Severity: Warning --> Undefined array key "product_name" C:\xampp\htdocs\flexapp\application\views\reports\sale_report.php 93
ERROR - 2023-03-21 09:05:32 --> Severity: Warning --> Undefined array key "product_id" C:\xampp\htdocs\flexapp\application\views\reports\sale_report.php 93
ERROR - 2023-03-21 09:05:32 --> Severity: Warning --> Undefined array key "product_name" C:\xampp\htdocs\flexapp\application\views\reports\sale_report.php 93
ERROR - 2023-03-21 09:05:32 --> Severity: Warning --> Undefined array key "product_id" C:\xampp\htdocs\flexapp\application\views\reports\sale_report.php 93
ERROR - 2023-03-21 09:05:32 --> Severity: Warning --> Undefined array key "product_name" C:\xampp\htdocs\flexapp\application\views\reports\sale_report.php 93
ERROR - 2023-03-21 09:05:32 --> Severity: Warning --> Undefined array key "product_id" C:\xampp\htdocs\flexapp\application\views\reports\sale_report.php 93
ERROR - 2023-03-21 09:05:32 --> Severity: Warning --> Undefined array key "product_name" C:\xampp\htdocs\flexapp\application\views\reports\sale_report.php 93
ERROR - 2023-03-21 09:05:32 --> Severity: Warning --> Undefined array key "product_id" C:\xampp\htdocs\flexapp\application\views\reports\sale_report.php 93
ERROR - 2023-03-21 09:05:32 --> Severity: Warning --> Undefined array key "product_name" C:\xampp\htdocs\flexapp\application\views\reports\sale_report.php 93
ERROR - 2023-03-21 09:05:32 --> Severity: Warning --> Undefined array key "product_id" C:\xampp\htdocs\flexapp\application\views\reports\sale_report.php 93
ERROR - 2023-03-21 09:05:32 --> Severity: Warning --> Undefined array key "product_name" C:\xampp\htdocs\flexapp\application\views\reports\sale_report.php 93
ERROR - 2023-03-21 09:05:32 --> Severity: Warning --> Undefined array key "product_id" C:\xampp\htdocs\flexapp\application\views\reports\sale_report.php 93
ERROR - 2023-03-21 09:05:32 --> Severity: Warning --> Undefined array key "product_name" C:\xampp\htdocs\flexapp\application\views\reports\sale_report.php 93
ERROR - 2023-03-21 09:05:32 --> Severity: Warning --> Undefined array key "product_id" C:\xampp\htdocs\flexapp\application\views\reports\sale_report.php 93
ERROR - 2023-03-21 09:05:32 --> Severity: Warning --> Undefined array key "product_name" C:\xampp\htdocs\flexapp\application\views\reports\sale_report.php 93
ERROR - 2023-03-21 09:05:32 --> Severity: Warning --> Undefined array key "product_id" C:\xampp\htdocs\flexapp\application\views\reports\sale_report.php 93
ERROR - 2023-03-21 09:05:32 --> Severity: Warning --> Undefined array key "product_name" C:\xampp\htdocs\flexapp\application\views\reports\sale_report.php 93
ERROR - 2023-03-21 09:05:32 --> Severity: Warning --> Undefined array key "product_id" C:\xampp\htdocs\flexapp\application\views\reports\sale_report.php 93
ERROR - 2023-03-21 09:05:32 --> Severity: Warning --> Undefined array key "product_name" C:\xampp\htdocs\flexapp\application\views\reports\sale_report.php 93
ERROR - 2023-03-21 09:05:32 --> Severity: Warning --> Undefined array key "product_id" C:\xampp\htdocs\flexapp\application\views\reports\sale_report.php 93
ERROR - 2023-03-21 09:05:32 --> Severity: Warning --> Undefined array key "product_name" C:\xampp\htdocs\flexapp\application\views\reports\sale_report.php 93
ERROR - 2023-03-21 09:05:32 --> Severity: Warning --> Undefined array key "product_id" C:\xampp\htdocs\flexapp\application\views\reports\sale_report.php 93
ERROR - 2023-03-21 09:05:32 --> Severity: Warning --> Undefined array key "product_name" C:\xampp\htdocs\flexapp\application\views\reports\sale_report.php 93
ERROR - 2023-03-21 09:05:32 --> Severity: Warning --> Undefined array key "product_id" C:\xampp\htdocs\flexapp\application\views\reports\sale_report.php 93
ERROR - 2023-03-21 09:05:32 --> Severity: Warning --> Undefined array key "product_name" C:\xampp\htdocs\flexapp\application\views\reports\sale_report.php 93
ERROR - 2023-03-21 09:05:32 --> Severity: Warning --> Undefined array key "product_id" C:\xampp\htdocs\flexapp\application\views\reports\sale_report.php 93
ERROR - 2023-03-21 09:05:32 --> Severity: Warning --> Undefined array key "product_name" C:\xampp\htdocs\flexapp\application\views\reports\sale_report.php 93
ERROR - 2023-03-21 09:05:32 --> Severity: Warning --> Undefined array key "product_id" C:\xampp\htdocs\flexapp\application\views\reports\sale_report.php 93
ERROR - 2023-03-21 09:05:32 --> Severity: Warning --> Undefined array key "product_name" C:\xampp\htdocs\flexapp\application\views\reports\sale_report.php 93
ERROR - 2023-03-21 09:05:32 --> Severity: Warning --> Undefined array key "product_id" C:\xampp\htdocs\flexapp\application\views\reports\sale_report.php 93
ERROR - 2023-03-21 09:05:32 --> Severity: Warning --> Undefined array key "product_name" C:\xampp\htdocs\flexapp\application\views\reports\sale_report.php 93
ERROR - 2023-03-21 09:05:32 --> Severity: Warning --> Undefined array key "product_id" C:\xampp\htdocs\flexapp\application\views\reports\sale_report.php 93
ERROR - 2023-03-21 09:05:32 --> Severity: Warning --> Undefined array key "product_name" C:\xampp\htdocs\flexapp\application\views\reports\sale_report.php 93
ERROR - 2023-03-21 09:05:32 --> Severity: Warning --> Undefined array key "product_id" C:\xampp\htdocs\flexapp\application\views\reports\sale_report.php 93
ERROR - 2023-03-21 09:05:32 --> Severity: Warning --> Undefined array key "product_name" C:\xampp\htdocs\flexapp\application\views\reports\sale_report.php 93
ERROR - 2023-03-21 09:05:32 --> Severity: Warning --> Undefined array key "product_id" C:\xampp\htdocs\flexapp\application\views\reports\sale_report.php 93
ERROR - 2023-03-21 09:05:32 --> Severity: Warning --> Undefined array key "product_name" C:\xampp\htdocs\flexapp\application\views\reports\sale_report.php 93
ERROR - 2023-03-21 09:05:32 --> Severity: Warning --> Undefined array key "product_id" C:\xampp\htdocs\flexapp\application\views\reports\sale_report.php 93
ERROR - 2023-03-21 09:05:32 --> Severity: Warning --> Undefined array key "product_name" C:\xampp\htdocs\flexapp\application\views\reports\sale_report.php 93
ERROR - 2023-03-21 09:05:32 --> Severity: Warning --> Undefined array key "product_id" C:\xampp\htdocs\flexapp\application\views\reports\sale_report.php 93
ERROR - 2023-03-21 09:05:32 --> Severity: Warning --> Undefined array key "product_name" C:\xampp\htdocs\flexapp\application\views\reports\sale_report.php 93
ERROR - 2023-03-21 09:05:32 --> Severity: Warning --> Undefined array key "product_id" C:\xampp\htdocs\flexapp\application\views\reports\sale_report.php 93
ERROR - 2023-03-21 09:05:32 --> Severity: Warning --> Undefined array key "product_name" C:\xampp\htdocs\flexapp\application\views\reports\sale_report.php 93
ERROR - 2023-03-21 09:05:32 --> Severity: Warning --> Undefined array key "product_id" C:\xampp\htdocs\flexapp\application\views\reports\sale_report.php 93
ERROR - 2023-03-21 09:05:32 --> Severity: Warning --> Undefined array key "product_name" C:\xampp\htdocs\flexapp\application\views\reports\sale_report.php 93
ERROR - 2023-03-21 09:05:32 --> Severity: Warning --> Undefined array key "product_id" C:\xampp\htdocs\flexapp\application\views\reports\sale_report.php 93
ERROR - 2023-03-21 09:05:32 --> Severity: Warning --> Undefined array key "product_name" C:\xampp\htdocs\flexapp\application\views\reports\sale_report.php 93
ERROR - 2023-03-21 09:05:32 --> Severity: Warning --> Undefined array key "product_id" C:\xampp\htdocs\flexapp\application\views\reports\sale_report.php 93
ERROR - 2023-03-21 09:05:32 --> Severity: Warning --> Undefined array key "product_name" C:\xampp\htdocs\flexapp\application\views\reports\sale_report.php 93
INFO - 2023-03-21 09:05:32 --> File loaded: version.php
INFO - 2023-03-21 09:05:32 --> File loaded: assets/includes/footer.php
INFO - 2023-03-21 09:05:32 --> File loaded: assets/includes/footer_links.php
INFO - 2023-03-21 09:05:32 --> File loaded: C:\xampp\htdocs\flexapp\application\views\reports/sale_report.php
INFO - 2023-03-21 09:05:32 --> Final output sent to browser
DEBUG - 2023-03-21 09:05:32 --> Total execution time: 0.1515
INFO - 2023-03-21 09:05:32 --> Config Class Initialized
INFO - 2023-03-21 09:05:32 --> Hooks Class Initialized
DEBUG - 2023-03-21 09:05:32 --> UTF-8 Support Enabled
INFO - 2023-03-21 09:05:32 --> Utf8 Class Initialized
INFO - 2023-03-21 09:05:32 --> URI Class Initialized
INFO - 2023-03-21 09:05:32 --> Router Class Initialized
INFO - 2023-03-21 09:05:32 --> Output Class Initialized
INFO - 2023-03-21 09:05:32 --> Security Class Initialized
DEBUG - 2023-03-21 09:05:32 --> Global POST, GET and COOKIE data sanitized
INFO - 2023-03-21 09:05:32 --> Input Class Initialized
INFO - 2023-03-21 09:05:32 --> Language Class Initialized
ERROR - 2023-03-21 09:05:32 --> 404 Page Not Found: Assets/plugins
INFO - 2023-03-21 09:07:03 --> Config Class Initialized
INFO - 2023-03-21 09:07:03 --> Hooks Class Initialized
DEBUG - 2023-03-21 09:07:03 --> UTF-8 Support Enabled
INFO - 2023-03-21 09:07:03 --> Utf8 Class Initialized
INFO - 2023-03-21 09:07:03 --> URI Class Initialized
INFO - 2023-03-21 09:07:03 --> Router Class Initialized
INFO - 2023-03-21 09:07:03 --> Output Class Initialized
INFO - 2023-03-21 09:07:03 --> Security Class Initialized
DEBUG - 2023-03-21 09:07:03 --> Global POST, GET and COOKIE data sanitized
INFO - 2023-03-21 09:07:03 --> Input Class Initialized
INFO - 2023-03-21 09:07:03 --> Language Class Initialized
INFO - 2023-03-21 09:07:03 --> Loader Class Initialized
INFO - 2023-03-21 09:07:03 --> Helper loaded: url_helper
INFO - 2023-03-21 09:07:03 --> Helper loaded: file_helper
INFO - 2023-03-21 09:07:03 --> Database Driver Class Initialized
INFO - 2023-03-21 09:07:04 --> Email Class Initialized
DEBUG - 2023-03-21 09:07:04 --> Session: "sess_save_path" is empty; using "session.save_path" value from php.ini.
INFO - 2023-03-21 09:07:04 --> Session: Class initialized using 'files' driver.
INFO - 2023-03-21 09:07:04 --> Helper loaded: form_helper
INFO - 2023-03-21 09:07:04 --> Form Validation Class Initialized
INFO - 2023-03-21 09:07:04 --> Controller Class Initialized
INFO - 2023-03-21 09:07:04 --> Model "Reports_Model" initialized
INFO - 2023-03-21 09:07:04 --> Model "Main_Model" initialized
ERROR - 2023-03-21 09:07:04 --> Severity: error --> Exception: Call to undefined method Reports_Model::getPosRecord() C:\xampp\htdocs\flexapp\application\controllers\Reports.php 120
INFO - 2023-03-21 09:14:37 --> Config Class Initialized
INFO - 2023-03-21 09:14:37 --> Hooks Class Initialized
DEBUG - 2023-03-21 09:14:37 --> UTF-8 Support Enabled
INFO - 2023-03-21 09:14:37 --> Utf8 Class Initialized
INFO - 2023-03-21 09:14:37 --> URI Class Initialized
INFO - 2023-03-21 09:14:37 --> Router Class Initialized
INFO - 2023-03-21 09:14:37 --> Output Class Initialized
INFO - 2023-03-21 09:14:37 --> Security Class Initialized
DEBUG - 2023-03-21 09:14:37 --> Global POST, GET and COOKIE data sanitized
INFO - 2023-03-21 09:14:37 --> Input Class Initialized
INFO - 2023-03-21 09:14:37 --> Language Class Initialized
INFO - 2023-03-21 09:14:37 --> Loader Class Initialized
INFO - 2023-03-21 09:14:37 --> Helper loaded: url_helper
INFO - 2023-03-21 09:14:37 --> Helper loaded: file_helper
INFO - 2023-03-21 09:14:37 --> Database Driver Class Initialized
INFO - 2023-03-21 09:14:37 --> Email Class Initialized
DEBUG - 2023-03-21 09:14:37 --> Session: "sess_save_path" is empty; using "session.save_path" value from php.ini.
INFO - 2023-03-21 09:14:37 --> Session: Class initialized using 'files' driver.
INFO - 2023-03-21 09:14:37 --> Helper loaded: form_helper
INFO - 2023-03-21 09:14:37 --> Form Validation Class Initialized
INFO - 2023-03-21 09:14:37 --> Controller Class Initialized
INFO - 2023-03-21 09:14:37 --> Model "Reports_Model" initialized
INFO - 2023-03-21 09:14:37 --> Model "Main_Model" initialized
ERROR - 2023-03-21 09:14:37 --> Severity: error --> Exception: Too few arguments to function Reports_Model::getPosRecord(), 2 passed in C:\xampp\htdocs\flexapp\application\controllers\Reports.php on line 120 and exactly 3 expected C:\xampp\htdocs\flexapp\application\models\Reports_Model.php 124
INFO - 2023-03-21 09:15:11 --> Config Class Initialized
INFO - 2023-03-21 09:15:11 --> Hooks Class Initialized
DEBUG - 2023-03-21 09:15:11 --> UTF-8 Support Enabled
INFO - 2023-03-21 09:15:11 --> Utf8 Class Initialized
INFO - 2023-03-21 09:15:11 --> URI Class Initialized
INFO - 2023-03-21 09:15:11 --> Router Class Initialized
INFO - 2023-03-21 09:15:11 --> Output Class Initialized
INFO - 2023-03-21 09:15:11 --> Security Class Initialized
DEBUG - 2023-03-21 09:15:11 --> Global POST, GET and COOKIE data sanitized
INFO - 2023-03-21 09:15:11 --> Input Class Initialized
INFO - 2023-03-21 09:15:11 --> Language Class Initialized
INFO - 2023-03-21 09:15:11 --> Loader Class Initialized
INFO - 2023-03-21 09:15:11 --> Helper loaded: url_helper
INFO - 2023-03-21 09:15:11 --> Helper loaded: file_helper
INFO - 2023-03-21 09:15:11 --> Database Driver Class Initialized
INFO - 2023-03-21 09:15:11 --> Email Class Initialized
DEBUG - 2023-03-21 09:15:11 --> Session: "sess_save_path" is empty; using "session.save_path" value from php.ini.
INFO - 2023-03-21 09:15:11 --> Session: Class initialized using 'files' driver.
INFO - 2023-03-21 09:15:11 --> Helper loaded: form_helper
INFO - 2023-03-21 09:15:11 --> Form Validation Class Initialized
INFO - 2023-03-21 09:15:11 --> Controller Class Initialized
INFO - 2023-03-21 09:15:11 --> Model "Reports_Model" initialized
INFO - 2023-03-21 09:15:11 --> Model "Main_Model" initialized
ERROR - 2023-03-21 09:15:11 --> Query error: Table 'swift.sale_detail' doesn't exist - Invalid query: SELECT `i`.`date`, `p`.`product_id`, `p`.`product_name`, `qty`
FROM `sale_detail` as `s`
JOIN `product` as `p` ON `p`.`product_id` = `s`.`product_id`
JOIN `sale` as `i` ON `i`.`sale_id` = `s`.`sale_id`
WHERE `s`.`product_id` = 2
GROUP BY `i`.`date`
INFO - 2023-03-21 09:15:11 --> Language file loaded: language/english/db_lang.php
INFO - 2023-03-21 09:16:56 --> Config Class Initialized
INFO - 2023-03-21 09:16:56 --> Hooks Class Initialized
DEBUG - 2023-03-21 09:16:56 --> UTF-8 Support Enabled
INFO - 2023-03-21 09:16:56 --> Utf8 Class Initialized
INFO - 2023-03-21 09:16:56 --> URI Class Initialized
INFO - 2023-03-21 09:16:56 --> Router Class Initialized
INFO - 2023-03-21 09:16:56 --> Output Class Initialized
INFO - 2023-03-21 09:16:56 --> Security Class Initialized
DEBUG - 2023-03-21 09:16:56 --> Global POST, GET and COOKIE data sanitized
INFO - 2023-03-21 09:16:56 --> Input Class Initialized
INFO - 2023-03-21 09:16:56 --> Language Class Initialized
INFO - 2023-03-21 09:16:56 --> Loader Class Initialized
INFO - 2023-03-21 09:16:56 --> Helper loaded: url_helper
INFO - 2023-03-21 09:16:56 --> Helper loaded: file_helper
INFO - 2023-03-21 09:16:56 --> Database Driver Class Initialized
INFO - 2023-03-21 09:16:56 --> Email Class Initialized
DEBUG - 2023-03-21 09:16:56 --> Session: "sess_save_path" is empty; using "session.save_path" value from php.ini.
INFO - 2023-03-21 09:16:56 --> Session: Class initialized using 'files' driver.
INFO - 2023-03-21 09:16:56 --> Helper loaded: form_helper
INFO - 2023-03-21 09:16:56 --> Form Validation Class Initialized
INFO - 2023-03-21 09:16:56 --> Controller Class Initialized
INFO - 2023-03-21 09:16:56 --> Model "Reports_Model" initialized
INFO - 2023-03-21 09:16:56 --> Model "Main_Model" initialized
ERROR - 2023-03-21 09:16:56 --> Query error: Table 'swift.product' doesn't exist - Invalid query: SELECT `i`.`date`, `p`.`product_id`, `p`.`product_name`, `qty`
FROM `sale_detail` as `s`
JOIN `product` as `p` ON `p`.`product_id` = `s`.`product_id`
JOIN `sale` as `i` ON `i`.`sale_id` = `s`.`sale_id`
WHERE `s`.`product_id` = 2
GROUP BY `i`.`date`
INFO - 2023-03-21 09:16:56 --> Language file loaded: language/english/db_lang.php
INFO - 2023-03-21 09:23:10 --> Config Class Initialized
INFO - 2023-03-21 09:23:10 --> Hooks Class Initialized
DEBUG - 2023-03-21 09:23:10 --> UTF-8 Support Enabled
INFO - 2023-03-21 09:23:10 --> Utf8 Class Initialized
INFO - 2023-03-21 09:23:10 --> URI Class Initialized
INFO - 2023-03-21 09:23:10 --> Router Class Initialized
INFO - 2023-03-21 09:23:10 --> Output Class Initialized
INFO - 2023-03-21 09:23:10 --> Security Class Initialized
DEBUG - 2023-03-21 09:23:10 --> Global POST, GET and COOKIE data sanitized
INFO - 2023-03-21 09:23:10 --> Input Class Initialized
INFO - 2023-03-21 09:23:10 --> Language Class Initialized
INFO - 2023-03-21 09:23:10 --> Loader Class Initialized
INFO - 2023-03-21 09:23:10 --> Helper loaded: url_helper
INFO - 2023-03-21 09:23:10 --> Helper loaded: file_helper
INFO - 2023-03-21 09:23:10 --> Database Driver Class Initialized
INFO - 2023-03-21 09:23:10 --> Email Class Initialized
DEBUG - 2023-03-21 09:23:10 --> Session: "sess_save_path" is empty; using "session.save_path" value from php.ini.
INFO - 2023-03-21 09:23:10 --> Session: Class initialized using 'files' driver.
INFO - 2023-03-21 09:23:10 --> Helper loaded: form_helper
INFO - 2023-03-21 09:23:10 --> Form Validation Class Initialized
INFO - 2023-03-21 09:23:10 --> Controller Class Initialized
INFO - 2023-03-21 09:23:10 --> Model "Reports_Model" initialized
INFO - 2023-03-21 09:23:10 --> Model "Main_Model" initialized
INFO - 2023-03-21 09:23:10 --> File loaded: assets/includes/top_links.php
INFO - 2023-03-21 09:23:10 --> File loaded: assets/includes/top_navbar.php
INFO - 2023-03-21 09:23:10 --> File loaded: assets/includes/notification.php
INFO - 2023-03-21 09:23:10 --> File loaded: assets/includes/sidebar.php
INFO - 2023-03-21 09:23:10 --> File loaded: assets/includes/reports_bar.php
INFO - 2023-03-21 09:23:10 --> File loaded: version.php
INFO - 2023-03-21 09:23:10 --> File loaded: assets/includes/footer.php
INFO - 2023-03-21 09:23:10 --> File loaded: assets/includes/footer_links.php
INFO - 2023-03-21 09:23:10 --> File loaded: C:\xampp\htdocs\flexapp\application\views\reports/sale_report.php
INFO - 2023-03-21 09:23:10 --> Final output sent to browser
DEBUG - 2023-03-21 09:23:10 --> Total execution time: 0.0872
INFO - 2023-03-21 09:23:12 --> Config Class Initialized
INFO - 2023-03-21 09:23:12 --> Hooks Class Initialized
DEBUG - 2023-03-21 09:23:12 --> UTF-8 Support Enabled
INFO - 2023-03-21 09:23:12 --> Utf8 Class Initialized
INFO - 2023-03-21 09:23:12 --> URI Class Initialized
INFO - 2023-03-21 09:23:12 --> Router Class Initialized
INFO - 2023-03-21 09:23:12 --> Output Class Initialized
INFO - 2023-03-21 09:23:12 --> Security Class Initialized
DEBUG - 2023-03-21 09:23:12 --> Global POST, GET and COOKIE data sanitized
INFO - 2023-03-21 09:23:12 --> Input Class Initialized
INFO - 2023-03-21 09:23:12 --> Language Class Initialized
INFO - 2023-03-21 09:23:12 --> Loader Class Initialized
INFO - 2023-03-21 09:23:12 --> Helper loaded: url_helper
INFO - 2023-03-21 09:23:12 --> Helper loaded: file_helper
INFO - 2023-03-21 09:23:12 --> Database Driver Class Initialized
INFO - 2023-03-21 09:23:12 --> Email Class Initialized
DEBUG - 2023-03-21 09:23:12 --> Session: "sess_save_path" is empty; using "session.save_path" value from php.ini.
INFO - 2023-03-21 09:23:12 --> Session: Class initialized using 'files' driver.
INFO - 2023-03-21 09:23:12 --> Helper loaded: form_helper
INFO - 2023-03-21 09:23:12 --> Form Validation Class Initialized
INFO - 2023-03-21 09:23:12 --> Controller Class Initialized
INFO - 2023-03-21 09:23:12 --> Model "Reports_Model" initialized
INFO - 2023-03-21 09:23:12 --> Model "Main_Model" initialized
INFO - 2023-03-21 09:23:12 --> File loaded: assets/includes/top_links.php
INFO - 2023-03-21 09:23:12 --> File loaded: assets/includes/top_navbar.php
INFO - 2023-03-21 09:23:12 --> File loaded: assets/includes/notification.php
INFO - 2023-03-21 09:23:12 --> File loaded: assets/includes/sidebar.php
INFO - 2023-03-21 09:23:12 --> File loaded: assets/includes/reports_bar.php
INFO - 2023-03-21 09:23:12 --> File loaded: version.php
INFO - 2023-03-21 09:23:12 --> File loaded: assets/includes/footer.php
INFO - 2023-03-21 09:23:12 --> File loaded: assets/includes/footer_links.php
INFO - 2023-03-21 09:23:12 --> File loaded: C:\xampp\htdocs\flexapp\application\views\reports/sale_report.php
INFO - 2023-03-21 09:23:12 --> Final output sent to browser
DEBUG - 2023-03-21 09:23:12 --> Total execution time: 0.0879
INFO - 2023-03-21 09:23:12 --> Config Class Initialized
INFO - 2023-03-21 09:23:12 --> Hooks Class Initialized
DEBUG - 2023-03-21 09:23:12 --> UTF-8 Support Enabled
INFO - 2023-03-21 09:23:12 --> Utf8 Class Initialized
INFO - 2023-03-21 09:23:12 --> URI Class Initialized
INFO - 2023-03-21 09:23:12 --> Router Class Initialized
INFO - 2023-03-21 09:23:12 --> Output Class Initialized
INFO - 2023-03-21 09:23:12 --> Security Class Initialized
DEBUG - 2023-03-21 09:23:12 --> Global POST, GET and COOKIE data sanitized
INFO - 2023-03-21 09:23:12 --> Input Class Initialized
INFO - 2023-03-21 09:23:12 --> Language Class Initialized
ERROR - 2023-03-21 09:23:12 --> 404 Page Not Found: Assets/plugins
INFO - 2023-03-21 09:23:27 --> Config Class Initialized
INFO - 2023-03-21 09:23:27 --> Hooks Class Initialized
DEBUG - 2023-03-21 09:23:27 --> UTF-8 Support Enabled
INFO - 2023-03-21 09:23:27 --> Utf8 Class Initialized
INFO - 2023-03-21 09:23:27 --> URI Class Initialized
INFO - 2023-03-21 09:23:27 --> Router Class Initialized
INFO - 2023-03-21 09:23:27 --> Output Class Initialized
INFO - 2023-03-21 09:23:27 --> Security Class Initialized
DEBUG - 2023-03-21 09:23:27 --> Global POST, GET and COOKIE data sanitized
INFO - 2023-03-21 09:23:27 --> Input Class Initialized
INFO - 2023-03-21 09:23:27 --> Language Class Initialized
INFO - 2023-03-21 09:23:27 --> Loader Class Initialized
INFO - 2023-03-21 09:23:27 --> Helper loaded: url_helper
INFO - 2023-03-21 09:23:27 --> Helper loaded: file_helper
INFO - 2023-03-21 09:23:27 --> Database Driver Class Initialized
INFO - 2023-03-21 09:23:27 --> Email Class Initialized
DEBUG - 2023-03-21 09:23:27 --> Session: "sess_save_path" is empty; using "session.save_path" value from php.ini.
INFO - 2023-03-21 09:23:27 --> Session: Class initialized using 'files' driver.
INFO - 2023-03-21 09:23:27 --> Helper loaded: form_helper
INFO - 2023-03-21 09:23:27 --> Form Validation Class Initialized
INFO - 2023-03-21 09:23:27 --> Controller Class Initialized
INFO - 2023-03-21 09:23:27 --> Model "Reports_Model" initialized
INFO - 2023-03-21 09:23:27 --> Model "Main_Model" initialized
ERROR - 2023-03-21 09:23:27 --> Query error: Table 'swift.sale' doesn't exist - Invalid query: SELECT `i`.`date`, `p`.`product_id`, `p`.`product_name`, `qty`
FROM `sale_detail` as `s`
JOIN `product` as `p` ON `p`.`product_id` = `s`.`product_id`
JOIN `sale` as `i` ON `i`.`sale_id` = `s`.`sale_id`
WHERE `s`.`product_id` = '2'
GROUP BY `i`.`date`
INFO - 2023-03-21 09:23:27 --> Language file loaded: language/english/db_lang.php
INFO - 2023-03-21 09:24:30 --> Config Class Initialized
INFO - 2023-03-21 09:24:30 --> Hooks Class Initialized
DEBUG - 2023-03-21 09:24:30 --> UTF-8 Support Enabled
INFO - 2023-03-21 09:24:30 --> Utf8 Class Initialized
INFO - 2023-03-21 09:24:30 --> URI Class Initialized
INFO - 2023-03-21 09:24:30 --> Router Class Initialized
INFO - 2023-03-21 09:24:30 --> Output Class Initialized
INFO - 2023-03-21 09:24:30 --> Security Class Initialized
DEBUG - 2023-03-21 09:24:30 --> Global POST, GET and COOKIE data sanitized
INFO - 2023-03-21 09:24:30 --> Input Class Initialized
INFO - 2023-03-21 09:24:30 --> Language Class Initialized
INFO - 2023-03-21 09:24:30 --> Loader Class Initialized
INFO - 2023-03-21 09:24:30 --> Helper loaded: url_helper
INFO - 2023-03-21 09:24:30 --> Helper loaded: file_helper
INFO - 2023-03-21 09:24:30 --> Database Driver Class Initialized
INFO - 2023-03-21 09:24:30 --> Email Class Initialized
DEBUG - 2023-03-21 09:24:30 --> Session: "sess_save_path" is empty; using "session.save_path" value from php.ini.
INFO - 2023-03-21 09:24:30 --> Session: Class initialized using 'files' driver.
INFO - 2023-03-21 09:24:30 --> Helper loaded: form_helper
INFO - 2023-03-21 09:24:30 --> Form Validation Class Initialized
INFO - 2023-03-21 09:24:30 --> Controller Class Initialized
INFO - 2023-03-21 09:24:30 --> Model "Reports_Model" initialized
INFO - 2023-03-21 09:24:30 --> Model "Main_Model" initialized
INFO - 2023-03-21 09:24:30 --> File loaded: assets/includes/top_links.php
INFO - 2023-03-21 09:24:30 --> File loaded: assets/includes/top_navbar.php
INFO - 2023-03-21 09:24:30 --> File loaded: assets/includes/notification.php
INFO - 2023-03-21 09:24:30 --> File loaded: assets/includes/sidebar.php
INFO - 2023-03-21 09:24:30 --> File loaded: assets/includes/reports_bar.php
INFO - 2023-03-21 09:24:30 --> File loaded: version.php
INFO - 2023-03-21 09:24:30 --> File loaded: assets/includes/footer.php
INFO - 2023-03-21 09:24:30 --> File loaded: assets/includes/footer_links.php
INFO - 2023-03-21 09:24:30 --> File loaded: C:\xampp\htdocs\flexapp\application\views\reports/sale_report.php
INFO - 2023-03-21 09:24:30 --> Final output sent to browser
DEBUG - 2023-03-21 09:24:30 --> Total execution time: 0.1912
INFO - 2023-03-21 09:24:30 --> Config Class Initialized
INFO - 2023-03-21 09:24:30 --> Hooks Class Initialized
DEBUG - 2023-03-21 09:24:30 --> UTF-8 Support Enabled
INFO - 2023-03-21 09:24:30 --> Utf8 Class Initialized
INFO - 2023-03-21 09:24:30 --> URI Class Initialized
INFO - 2023-03-21 09:24:30 --> Router Class Initialized
INFO - 2023-03-21 09:24:30 --> Output Class Initialized
INFO - 2023-03-21 09:24:30 --> Security Class Initialized
DEBUG - 2023-03-21 09:24:30 --> Global POST, GET and COOKIE data sanitized
INFO - 2023-03-21 09:24:30 --> Input Class Initialized
INFO - 2023-03-21 09:24:30 --> Language Class Initialized
ERROR - 2023-03-21 09:24:30 --> 404 Page Not Found: Assets/plugins
INFO - 2023-03-21 09:24:41 --> Config Class Initialized
INFO - 2023-03-21 09:24:41 --> Hooks Class Initialized
DEBUG - 2023-03-21 09:24:41 --> UTF-8 Support Enabled
INFO - 2023-03-21 09:24:41 --> Utf8 Class Initialized
INFO - 2023-03-21 09:24:41 --> URI Class Initialized
INFO - 2023-03-21 09:24:41 --> Router Class Initialized
INFO - 2023-03-21 09:24:41 --> Output Class Initialized
INFO - 2023-03-21 09:24:41 --> Security Class Initialized
DEBUG - 2023-03-21 09:24:41 --> Global POST, GET and COOKIE data sanitized
INFO - 2023-03-21 09:24:41 --> Input Class Initialized
INFO - 2023-03-21 09:24:41 --> Language Class Initialized
INFO - 2023-03-21 09:24:41 --> Loader Class Initialized
INFO - 2023-03-21 09:24:41 --> Helper loaded: url_helper
INFO - 2023-03-21 09:24:41 --> Helper loaded: file_helper
INFO - 2023-03-21 09:24:41 --> Database Driver Class Initialized
INFO - 2023-03-21 09:24:41 --> Email Class Initialized
DEBUG - 2023-03-21 09:24:41 --> Session: "sess_save_path" is empty; using "session.save_path" value from php.ini.
INFO - 2023-03-21 09:24:41 --> Session: Class initialized using 'files' driver.
INFO - 2023-03-21 09:24:41 --> Helper loaded: form_helper
INFO - 2023-03-21 09:24:41 --> Form Validation Class Initialized
INFO - 2023-03-21 09:24:41 --> Controller Class Initialized
INFO - 2023-03-21 09:24:41 --> Model "Reports_Model" initialized
INFO - 2023-03-21 09:24:41 --> Model "Main_Model" initialized
INFO - 2023-03-21 09:24:41 --> File loaded: assets/includes/top_links.php
INFO - 2023-03-21 09:24:41 --> File loaded: assets/includes/top_navbar.php
INFO - 2023-03-21 09:24:41 --> File loaded: assets/includes/notification.php
INFO - 2023-03-21 09:24:41 --> File loaded: assets/includes/sidebar.php
INFO - 2023-03-21 09:24:41 --> File loaded: assets/includes/reports_bar.php
INFO - 2023-03-21 09:24:41 --> File loaded: version.php
INFO - 2023-03-21 09:24:41 --> File loaded: assets/includes/footer.php
INFO - 2023-03-21 09:24:41 --> File loaded: assets/includes/footer_links.php
INFO - 2023-03-21 09:24:41 --> File loaded: C:\xampp\htdocs\flexapp\application\views\reports/sale_sumary.php
INFO - 2023-03-21 09:24:41 --> Final output sent to browser
DEBUG - 2023-03-21 09:24:41 --> Total execution time: 0.1600
INFO - 2023-03-21 09:24:41 --> Config Class Initialized
INFO - 2023-03-21 09:24:41 --> Hooks Class Initialized
DEBUG - 2023-03-21 09:24:41 --> UTF-8 Support Enabled
INFO - 2023-03-21 09:24:41 --> Utf8 Class Initialized
INFO - 2023-03-21 09:24:41 --> URI Class Initialized
INFO - 2023-03-21 09:24:41 --> Router Class Initialized
INFO - 2023-03-21 09:24:41 --> Output Class Initialized
INFO - 2023-03-21 09:24:41 --> Security Class Initialized
DEBUG - 2023-03-21 09:24:41 --> Global POST, GET and COOKIE data sanitized
INFO - 2023-03-21 09:24:41 --> Input Class Initialized
INFO - 2023-03-21 09:24:41 --> Language Class Initialized
ERROR - 2023-03-21 09:24:41 --> 404 Page Not Found: Assets/plugins
INFO - 2023-03-21 09:24:47 --> Config Class Initialized
INFO - 2023-03-21 09:24:47 --> Hooks Class Initialized
DEBUG - 2023-03-21 09:24:47 --> UTF-8 Support Enabled
INFO - 2023-03-21 09:24:47 --> Utf8 Class Initialized
INFO - 2023-03-21 09:24:47 --> URI Class Initialized
INFO - 2023-03-21 09:24:47 --> Router Class Initialized
INFO - 2023-03-21 09:24:47 --> Output Class Initialized
INFO - 2023-03-21 09:24:47 --> Security Class Initialized
DEBUG - 2023-03-21 09:24:47 --> Global POST, GET and COOKIE data sanitized
INFO - 2023-03-21 09:24:47 --> Input Class Initialized
INFO - 2023-03-21 09:24:47 --> Language Class Initialized
INFO - 2023-03-21 09:24:47 --> Loader Class Initialized
INFO - 2023-03-21 09:24:47 --> Helper loaded: url_helper
INFO - 2023-03-21 09:24:47 --> Helper loaded: file_helper
INFO - 2023-03-21 09:24:47 --> Database Driver Class Initialized
INFO - 2023-03-21 09:24:47 --> Email Class Initialized
DEBUG - 2023-03-21 09:24:47 --> Session: "sess_save_path" is empty; using "session.save_path" value from php.ini.
INFO - 2023-03-21 09:24:47 --> Session: Class initialized using 'files' driver.
INFO - 2023-03-21 09:24:47 --> Helper loaded: form_helper
INFO - 2023-03-21 09:24:47 --> Form Validation Class Initialized
INFO - 2023-03-21 09:24:47 --> Controller Class Initialized
INFO - 2023-03-21 09:24:47 --> Model "Reports_Model" initialized
INFO - 2023-03-21 09:24:47 --> Model "Main_Model" initialized
INFO - 2023-03-21 09:24:47 --> File loaded: assets/includes/top_links.php
INFO - 2023-03-21 09:24:47 --> File loaded: assets/includes/top_navbar.php
INFO - 2023-03-21 09:24:47 --> File loaded: assets/includes/notification.php
INFO - 2023-03-21 09:24:47 --> File loaded: assets/includes/sidebar.php
INFO - 2023-03-21 09:24:47 --> File loaded: assets/includes/reports_bar.php
INFO - 2023-03-21 09:24:47 --> File loaded: version.php
INFO - 2023-03-21 09:24:47 --> File loaded: assets/includes/footer.php
INFO - 2023-03-21 09:24:47 --> File loaded: assets/includes/footer_links.php
INFO - 2023-03-21 09:24:47 --> File loaded: C:\xampp\htdocs\flexapp\application\views\reports/sale_model_wise.php
INFO - 2023-03-21 09:24:47 --> Final output sent to browser
DEBUG - 2023-03-21 09:24:47 --> Total execution time: 0.1472
INFO - 2023-03-21 09:24:47 --> Config Class Initialized
INFO - 2023-03-21 09:24:47 --> Hooks Class Initialized
DEBUG - 2023-03-21 09:24:47 --> UTF-8 Support Enabled
INFO - 2023-03-21 09:24:47 --> Utf8 Class Initialized
INFO - 2023-03-21 09:24:47 --> URI Class Initialized
INFO - 2023-03-21 09:24:47 --> Router Class Initialized
INFO - 2023-03-21 09:24:47 --> Output Class Initialized
INFO - 2023-03-21 09:24:47 --> Security Class Initialized
DEBUG - 2023-03-21 09:24:47 --> Global POST, GET and COOKIE data sanitized
INFO - 2023-03-21 09:24:47 --> Input Class Initialized
INFO - 2023-03-21 09:24:47 --> Language Class Initialized
ERROR - 2023-03-21 09:24:47 --> 404 Page Not Found: Assets/plugins
INFO - 2023-03-21 09:24:52 --> Config Class Initialized
INFO - 2023-03-21 09:24:52 --> Hooks Class Initialized
DEBUG - 2023-03-21 09:24:52 --> UTF-8 Support Enabled
INFO - 2023-03-21 09:24:52 --> Utf8 Class Initialized
INFO - 2023-03-21 09:24:52 --> URI Class Initialized
INFO - 2023-03-21 09:24:52 --> Router Class Initialized
INFO - 2023-03-21 09:24:52 --> Output Class Initialized
INFO - 2023-03-21 09:24:52 --> Security Class Initialized
DEBUG - 2023-03-21 09:24:52 --> Global POST, GET and COOKIE data sanitized
INFO - 2023-03-21 09:24:52 --> Input Class Initialized
INFO - 2023-03-21 09:24:52 --> Language Class Initialized
INFO - 2023-03-21 09:24:52 --> Loader Class Initialized
INFO - 2023-03-21 09:24:52 --> Helper loaded: url_helper
INFO - 2023-03-21 09:24:52 --> Helper loaded: file_helper
INFO - 2023-03-21 09:24:52 --> Database Driver Class Initialized
INFO - 2023-03-21 09:24:52 --> Email Class Initialized
DEBUG - 2023-03-21 09:24:52 --> Session: "sess_save_path" is empty; using "session.save_path" value from php.ini.
INFO - 2023-03-21 09:24:52 --> Session: Class initialized using 'files' driver.
INFO - 2023-03-21 09:24:52 --> Helper loaded: form_helper
INFO - 2023-03-21 09:24:52 --> Form Validation Class Initialized
INFO - 2023-03-21 09:24:52 --> Controller Class Initialized
INFO - 2023-03-21 09:24:52 --> Model "Reports_Model" initialized
INFO - 2023-03-21 09:24:52 --> Model "Main_Model" initialized
ERROR - 2023-03-21 09:24:52 --> Query error: Table 'swift.customer' doesn't exist - Invalid query: SELECT `i`.`date`, `p`.`product_id`, `p`.`product_name`, `p`.`product_model`, `p`.`product_description`, `c`.`customer_id`, `c`.`customer_name`, `s`.`qty`
FROM `sale_detail` as `s`
JOIN `product` as `p` ON `p`.`product_id` = `s`.`product_id`
JOIN `sale` as `i` ON `i`.`sale_id` = `s`.`sale_id`
JOIN `customer` as `c` ON `c`.`customer_id`=`i`.`customer_id`
WHERE `s`.`product_id` = '2'
AND `p`.`product_model` = '2015'
GROUP BY `c`.`customer_id`
INFO - 2023-03-21 09:24:52 --> Language file loaded: language/english/db_lang.php
INFO - 2023-03-21 09:24:58 --> Config Class Initialized
INFO - 2023-03-21 09:24:58 --> Hooks Class Initialized
DEBUG - 2023-03-21 09:24:58 --> UTF-8 Support Enabled
INFO - 2023-03-21 09:24:58 --> Utf8 Class Initialized
INFO - 2023-03-21 09:24:58 --> URI Class Initialized
INFO - 2023-03-21 09:24:58 --> Router Class Initialized
INFO - 2023-03-21 09:24:58 --> Output Class Initialized
INFO - 2023-03-21 09:24:58 --> Security Class Initialized
DEBUG - 2023-03-21 09:24:58 --> Global POST, GET and COOKIE data sanitized
INFO - 2023-03-21 09:24:58 --> Input Class Initialized
INFO - 2023-03-21 09:24:58 --> Language Class Initialized
INFO - 2023-03-21 09:24:58 --> Loader Class Initialized
INFO - 2023-03-21 09:24:58 --> Helper loaded: url_helper
INFO - 2023-03-21 09:24:58 --> Helper loaded: file_helper
INFO - 2023-03-21 09:24:58 --> Database Driver Class Initialized
INFO - 2023-03-21 09:24:58 --> Email Class Initialized
DEBUG - 2023-03-21 09:24:58 --> Session: "sess_save_path" is empty; using "session.save_path" value from php.ini.
INFO - 2023-03-21 09:24:58 --> Session: Class initialized using 'files' driver.
INFO - 2023-03-21 09:24:58 --> Helper loaded: form_helper
INFO - 2023-03-21 09:24:58 --> Form Validation Class Initialized
INFO - 2023-03-21 09:24:58 --> Controller Class Initialized
INFO - 2023-03-21 09:24:58 --> Model "Reports_Model" initialized
INFO - 2023-03-21 09:24:58 --> Model "Main_Model" initialized
INFO - 2023-03-21 09:24:58 --> File loaded: assets/includes/top_links.php
INFO - 2023-03-21 09:24:58 --> File loaded: assets/includes/top_navbar.php
INFO - 2023-03-21 09:24:58 --> File loaded: assets/includes/notification.php
INFO - 2023-03-21 09:24:58 --> File loaded: assets/includes/sidebar.php
INFO - 2023-03-21 09:24:58 --> File loaded: assets/includes/reports_bar.php
INFO - 2023-03-21 09:24:58 --> File loaded: version.php
INFO - 2023-03-21 09:24:58 --> File loaded: assets/includes/footer.php
INFO - 2023-03-21 09:24:58 --> File loaded: assets/includes/footer_links.php
INFO - 2023-03-21 09:24:58 --> File loaded: C:\xampp\htdocs\flexapp\application\views\reports/sale_model_wise.php
INFO - 2023-03-21 09:24:58 --> Final output sent to browser
DEBUG - 2023-03-21 09:24:58 --> Total execution time: 0.0692
INFO - 2023-03-21 09:25:03 --> Config Class Initialized
INFO - 2023-03-21 09:25:03 --> Hooks Class Initialized
DEBUG - 2023-03-21 09:25:03 --> UTF-8 Support Enabled
INFO - 2023-03-21 09:25:03 --> Utf8 Class Initialized
INFO - 2023-03-21 09:25:03 --> URI Class Initialized
INFO - 2023-03-21 09:25:03 --> Router Class Initialized
INFO - 2023-03-21 09:25:03 --> Output Class Initialized
INFO - 2023-03-21 09:25:03 --> Security Class Initialized
DEBUG - 2023-03-21 09:25:03 --> Global POST, GET and COOKIE data sanitized
INFO - 2023-03-21 09:25:03 --> Input Class Initialized
INFO - 2023-03-21 09:25:03 --> Language Class Initialized
INFO - 2023-03-21 09:25:03 --> Loader Class Initialized
INFO - 2023-03-21 09:25:03 --> Helper loaded: url_helper
INFO - 2023-03-21 09:25:03 --> Helper loaded: file_helper
INFO - 2023-03-21 09:25:03 --> Database Driver Class Initialized
INFO - 2023-03-21 09:25:03 --> Email Class Initialized
DEBUG - 2023-03-21 09:25:03 --> Session: "sess_save_path" is empty; using "session.save_path" value from php.ini.
INFO - 2023-03-21 09:25:03 --> Session: Class initialized using 'files' driver.
INFO - 2023-03-21 09:25:03 --> Helper loaded: form_helper
INFO - 2023-03-21 09:25:03 --> Form Validation Class Initialized
INFO - 2023-03-21 09:25:03 --> Controller Class Initialized
INFO - 2023-03-21 09:25:03 --> Model "Reports_Model" initialized
INFO - 2023-03-21 09:25:03 --> Model "Main_Model" initialized
ERROR - 2023-03-21 09:25:03 --> Severity: error --> Exception: Call to undefined method Main_Model::getCustomer() C:\xampp\htdocs\flexapp\application\controllers\Reports.php 57
INFO - 2023-03-21 09:25:05 --> Config Class Initialized
INFO - 2023-03-21 09:25:05 --> Hooks Class Initialized
DEBUG - 2023-03-21 09:25:05 --> UTF-8 Support Enabled
INFO - 2023-03-21 09:25:05 --> Utf8 Class Initialized
INFO - 2023-03-21 09:25:05 --> URI Class Initialized
INFO - 2023-03-21 09:25:05 --> Router Class Initialized
INFO - 2023-03-21 09:25:05 --> Output Class Initialized
INFO - 2023-03-21 09:25:05 --> Security Class Initialized
DEBUG - 2023-03-21 09:25:05 --> Global POST, GET and COOKIE data sanitized
INFO - 2023-03-21 09:25:05 --> Input Class Initialized
INFO - 2023-03-21 09:25:05 --> Language Class Initialized
INFO - 2023-03-21 09:25:05 --> Loader Class Initialized
INFO - 2023-03-21 09:25:05 --> Helper loaded: url_helper
INFO - 2023-03-21 09:25:05 --> Helper loaded: file_helper
INFO - 2023-03-21 09:25:05 --> Database Driver Class Initialized
INFO - 2023-03-21 09:25:05 --> Email Class Initialized
DEBUG - 2023-03-21 09:25:05 --> Session: "sess_save_path" is empty; using "session.save_path" value from php.ini.
INFO - 2023-03-21 09:25:05 --> Session: Class initialized using 'files' driver.
INFO - 2023-03-21 09:25:05 --> Helper loaded: form_helper
INFO - 2023-03-21 09:25:05 --> Form Validation Class Initialized
INFO - 2023-03-21 09:25:05 --> Controller Class Initialized
INFO - 2023-03-21 09:25:05 --> Model "Reports_Model" initialized
INFO - 2023-03-21 09:25:05 --> Model "Main_Model" initialized
INFO - 2023-03-21 09:25:05 --> File loaded: assets/includes/top_links.php
INFO - 2023-03-21 09:25:05 --> File loaded: assets/includes/top_navbar.php
INFO - 2023-03-21 09:25:05 --> File loaded: assets/includes/notification.php
INFO - 2023-03-21 09:25:05 --> File loaded: assets/includes/sidebar.php
INFO - 2023-03-21 09:25:05 --> File loaded: assets/includes/reports_bar.php
INFO - 2023-03-21 09:25:05 --> File loaded: version.php
INFO - 2023-03-21 09:25:05 --> File loaded: assets/includes/footer.php
INFO - 2023-03-21 09:25:05 --> File loaded: assets/includes/footer_links.php
INFO - 2023-03-21 09:25:05 --> File loaded: C:\xampp\htdocs\flexapp\application\views\reports/sale_model_wise.php
INFO - 2023-03-21 09:25:05 --> Final output sent to browser
DEBUG - 2023-03-21 09:25:05 --> Total execution time: 0.0858
INFO - 2023-03-21 09:25:07 --> Config Class Initialized
INFO - 2023-03-21 09:25:07 --> Hooks Class Initialized
DEBUG - 2023-03-21 09:25:07 --> UTF-8 Support Enabled
INFO - 2023-03-21 09:25:07 --> Utf8 Class Initialized
INFO - 2023-03-21 09:25:07 --> URI Class Initialized
INFO - 2023-03-21 09:25:07 --> Router Class Initialized
INFO - 2023-03-21 09:25:07 --> Output Class Initialized
INFO - 2023-03-21 09:25:07 --> Security Class Initialized
DEBUG - 2023-03-21 09:25:07 --> Global POST, GET and COOKIE data sanitized
INFO - 2023-03-21 09:25:07 --> Input Class Initialized
INFO - 2023-03-21 09:25:07 --> Language Class Initialized
INFO - 2023-03-21 09:25:07 --> Loader Class Initialized
INFO - 2023-03-21 09:25:07 --> Helper loaded: url_helper
INFO - 2023-03-21 09:25:07 --> Helper loaded: file_helper
INFO - 2023-03-21 09:25:07 --> Database Driver Class Initialized
INFO - 2023-03-21 09:25:07 --> Email Class Initialized
DEBUG - 2023-03-21 09:25:07 --> Session: "sess_save_path" is empty; using "session.save_path" value from php.ini.
INFO - 2023-03-21 09:25:07 --> Session: Class initialized using 'files' driver.
INFO - 2023-03-21 09:25:07 --> Helper loaded: form_helper
INFO - 2023-03-21 09:25:07 --> Form Validation Class Initialized
INFO - 2023-03-21 09:25:07 --> Controller Class Initialized
INFO - 2023-03-21 09:25:07 --> Model "Reports_Model" initialized
INFO - 2023-03-21 09:25:07 --> Model "Main_Model" initialized
INFO - 2023-03-21 09:25:07 --> File loaded: assets/includes/top_links.php
INFO - 2023-03-21 09:25:07 --> File loaded: assets/includes/top_navbar.php
INFO - 2023-03-21 09:25:07 --> File loaded: assets/includes/notification.php
INFO - 2023-03-21 09:25:07 --> File loaded: assets/includes/sidebar.php
INFO - 2023-03-21 09:25:07 --> File loaded: assets/includes/reports_bar.php
INFO - 2023-03-21 09:25:07 --> File loaded: version.php
INFO - 2023-03-21 09:25:07 --> File loaded: assets/includes/footer.php
INFO - 2023-03-21 09:25:07 --> File loaded: assets/includes/footer_links.php
INFO - 2023-03-21 09:25:07 --> File loaded: C:\xampp\htdocs\flexapp\application\views\reports/sale_report.php
INFO - 2023-03-21 09:25:07 --> Final output sent to browser
DEBUG - 2023-03-21 09:25:07 --> Total execution time: 0.0910
INFO - 2023-03-21 09:25:07 --> Config Class Initialized
INFO - 2023-03-21 09:25:07 --> Hooks Class Initialized
DEBUG - 2023-03-21 09:25:07 --> UTF-8 Support Enabled
INFO - 2023-03-21 09:25:07 --> Utf8 Class Initialized
INFO - 2023-03-21 09:25:07 --> URI Class Initialized
INFO - 2023-03-21 09:25:07 --> Router Class Initialized
INFO - 2023-03-21 09:25:07 --> Output Class Initialized
INFO - 2023-03-21 09:25:07 --> Security Class Initialized
DEBUG - 2023-03-21 09:25:07 --> Global POST, GET and COOKIE data sanitized
INFO - 2023-03-21 09:25:07 --> Input Class Initialized
INFO - 2023-03-21 09:25:07 --> Language Class Initialized
ERROR - 2023-03-21 09:25:07 --> 404 Page Not Found: Assets/plugins
INFO - 2023-03-21 09:25:19 --> Config Class Initialized
INFO - 2023-03-21 09:25:19 --> Hooks Class Initialized
DEBUG - 2023-03-21 09:25:19 --> UTF-8 Support Enabled
INFO - 2023-03-21 09:25:19 --> Utf8 Class Initialized
INFO - 2023-03-21 09:25:19 --> URI Class Initialized
INFO - 2023-03-21 09:25:19 --> Router Class Initialized
INFO - 2023-03-21 09:25:19 --> Output Class Initialized
INFO - 2023-03-21 09:25:19 --> Security Class Initialized
DEBUG - 2023-03-21 09:25:19 --> Global POST, GET and COOKIE data sanitized
INFO - 2023-03-21 09:25:19 --> Input Class Initialized
INFO - 2023-03-21 09:25:19 --> Language Class Initialized
INFO - 2023-03-21 09:25:19 --> Loader Class Initialized
INFO - 2023-03-21 09:25:19 --> Helper loaded: url_helper
INFO - 2023-03-21 09:25:19 --> Helper loaded: file_helper
INFO - 2023-03-21 09:25:19 --> Database Driver Class Initialized
INFO - 2023-03-21 09:25:19 --> Email Class Initialized
DEBUG - 2023-03-21 09:25:19 --> Session: "sess_save_path" is empty; using "session.save_path" value from php.ini.
INFO - 2023-03-21 09:25:19 --> Session: Class initialized using 'files' driver.
INFO - 2023-03-21 09:25:19 --> Helper loaded: form_helper
INFO - 2023-03-21 09:25:19 --> Form Validation Class Initialized
INFO - 2023-03-21 09:25:19 --> Controller Class Initialized
INFO - 2023-03-21 09:25:19 --> Model "Reports_Model" initialized
INFO - 2023-03-21 09:25:19 --> Model "Main_Model" initialized
INFO - 2023-03-21 09:25:19 --> File loaded: assets/includes/top_links.php
INFO - 2023-03-21 09:25:19 --> File loaded: assets/includes/top_navbar.php
INFO - 2023-03-21 09:25:19 --> File loaded: assets/includes/notification.php
INFO - 2023-03-21 09:25:19 --> File loaded: assets/includes/sidebar.php
INFO - 2023-03-21 09:25:19 --> File loaded: assets/includes/reports_bar.php
INFO - 2023-03-21 09:25:19 --> File loaded: version.php
INFO - 2023-03-21 09:25:19 --> File loaded: assets/includes/footer.php
INFO - 2023-03-21 09:25:19 --> File loaded: assets/includes/footer_links.php
INFO - 2023-03-21 09:25:19 --> File loaded: C:\xampp\htdocs\flexapp\application\views\reports/sale_report.php
INFO - 2023-03-21 09:25:19 --> Final output sent to browser
DEBUG - 2023-03-21 09:25:19 --> Total execution time: 0.0932
INFO - 2023-03-21 09:25:19 --> Config Class Initialized
INFO - 2023-03-21 09:25:19 --> Hooks Class Initialized
DEBUG - 2023-03-21 09:25:19 --> UTF-8 Support Enabled
INFO - 2023-03-21 09:25:19 --> Utf8 Class Initialized
INFO - 2023-03-21 09:25:19 --> URI Class Initialized
INFO - 2023-03-21 09:25:19 --> Router Class Initialized
INFO - 2023-03-21 09:25:19 --> Output Class Initialized
INFO - 2023-03-21 09:25:19 --> Security Class Initialized
DEBUG - 2023-03-21 09:25:19 --> Global POST, GET and COOKIE data sanitized
INFO - 2023-03-21 09:25:19 --> Input Class Initialized
INFO - 2023-03-21 09:25:19 --> Language Class Initialized
ERROR - 2023-03-21 09:25:19 --> 404 Page Not Found: Assets/plugins
INFO - 2023-03-21 09:25:27 --> Config Class Initialized
INFO - 2023-03-21 09:25:27 --> Hooks Class Initialized
DEBUG - 2023-03-21 09:25:27 --> UTF-8 Support Enabled
INFO - 2023-03-21 09:25:27 --> Utf8 Class Initialized
INFO - 2023-03-21 09:25:27 --> URI Class Initialized
INFO - 2023-03-21 09:25:27 --> Router Class Initialized
INFO - 2023-03-21 09:25:27 --> Output Class Initialized
INFO - 2023-03-21 09:25:27 --> Security Class Initialized
DEBUG - 2023-03-21 09:25:27 --> Global POST, GET and COOKIE data sanitized
INFO - 2023-03-21 09:25:27 --> Input Class Initialized
INFO - 2023-03-21 09:25:27 --> Language Class Initialized
INFO - 2023-03-21 09:25:27 --> Loader Class Initialized
INFO - 2023-03-21 09:25:27 --> Helper loaded: url_helper
INFO - 2023-03-21 09:25:27 --> Helper loaded: file_helper
INFO - 2023-03-21 09:25:27 --> Database Driver Class Initialized
INFO - 2023-03-21 09:25:27 --> Email Class Initialized
DEBUG - 2023-03-21 09:25:27 --> Session: "sess_save_path" is empty; using "session.save_path" value from php.ini.
INFO - 2023-03-21 09:25:27 --> Session: Class initialized using 'files' driver.
INFO - 2023-03-21 09:25:27 --> Helper loaded: form_helper
INFO - 2023-03-21 09:25:27 --> Form Validation Class Initialized
INFO - 2023-03-21 09:25:27 --> Controller Class Initialized
INFO - 2023-03-21 09:25:27 --> Model "Reports_Model" initialized
INFO - 2023-03-21 09:25:27 --> Model "Main_Model" initialized
INFO - 2023-03-21 09:25:27 --> File loaded: assets/includes/top_links.php
INFO - 2023-03-21 09:25:27 --> File loaded: assets/includes/top_navbar.php
INFO - 2023-03-21 09:25:27 --> File loaded: assets/includes/notification.php
INFO - 2023-03-21 09:25:27 --> File loaded: assets/includes/sidebar.php
INFO - 2023-03-21 09:25:27 --> File loaded: assets/includes/reports_bar.php
INFO - 2023-03-21 09:25:27 --> File loaded: version.php
INFO - 2023-03-21 09:25:27 --> File loaded: assets/includes/footer.php
INFO - 2023-03-21 09:25:27 --> File loaded: assets/includes/footer_links.php
INFO - 2023-03-21 09:25:27 --> File loaded: C:\xampp\htdocs\flexapp\application\views\reports/sale_sumary.php
INFO - 2023-03-21 09:25:27 --> Final output sent to browser
DEBUG - 2023-03-21 09:25:27 --> Total execution time: 0.0798
INFO - 2023-03-21 09:25:27 --> Config Class Initialized
INFO - 2023-03-21 09:25:27 --> Hooks Class Initialized
DEBUG - 2023-03-21 09:25:27 --> UTF-8 Support Enabled
INFO - 2023-03-21 09:25:27 --> Utf8 Class Initialized
INFO - 2023-03-21 09:25:27 --> URI Class Initialized
INFO - 2023-03-21 09:25:27 --> Router Class Initialized
INFO - 2023-03-21 09:25:27 --> Output Class Initialized
INFO - 2023-03-21 09:25:27 --> Security Class Initialized
DEBUG - 2023-03-21 09:25:27 --> Global POST, GET and COOKIE data sanitized
INFO - 2023-03-21 09:25:27 --> Input Class Initialized
INFO - 2023-03-21 09:25:27 --> Language Class Initialized
ERROR - 2023-03-21 09:25:27 --> 404 Page Not Found: Assets/plugins
INFO - 2023-03-21 09:25:30 --> Config Class Initialized
INFO - 2023-03-21 09:25:30 --> Hooks Class Initialized
DEBUG - 2023-03-21 09:25:30 --> UTF-8 Support Enabled
INFO - 2023-03-21 09:25:30 --> Utf8 Class Initialized
INFO - 2023-03-21 09:25:30 --> URI Class Initialized
INFO - 2023-03-21 09:25:30 --> Router Class Initialized
INFO - 2023-03-21 09:25:30 --> Output Class Initialized
INFO - 2023-03-21 09:25:30 --> Security Class Initialized
DEBUG - 2023-03-21 09:25:30 --> Global POST, GET and COOKIE data sanitized
INFO - 2023-03-21 09:25:30 --> Input Class Initialized
INFO - 2023-03-21 09:25:30 --> Language Class Initialized
INFO - 2023-03-21 09:25:30 --> Loader Class Initialized
INFO - 2023-03-21 09:25:30 --> Helper loaded: url_helper
INFO - 2023-03-21 09:25:30 --> Helper loaded: file_helper
INFO - 2023-03-21 09:25:30 --> Database Driver Class Initialized
INFO - 2023-03-21 09:25:30 --> Email Class Initialized
DEBUG - 2023-03-21 09:25:30 --> Session: "sess_save_path" is empty; using "session.save_path" value from php.ini.
INFO - 2023-03-21 09:25:30 --> Session: Class initialized using 'files' driver.
INFO - 2023-03-21 09:25:30 --> Helper loaded: form_helper
INFO - 2023-03-21 09:25:30 --> Form Validation Class Initialized
INFO - 2023-03-21 09:25:30 --> Controller Class Initialized
INFO - 2023-03-21 09:25:30 --> Model "Reports_Model" initialized
INFO - 2023-03-21 09:25:30 --> Model "Main_Model" initialized
INFO - 2023-03-21 09:25:30 --> File loaded: assets/includes/top_links.php
INFO - 2023-03-21 09:25:30 --> File loaded: assets/includes/top_navbar.php
INFO - 2023-03-21 09:25:30 --> File loaded: assets/includes/notification.php
INFO - 2023-03-21 09:25:30 --> File loaded: assets/includes/sidebar.php
INFO - 2023-03-21 09:25:30 --> File loaded: assets/includes/reports_bar.php
INFO - 2023-03-21 09:25:30 --> File loaded: version.php
INFO - 2023-03-21 09:25:30 --> File loaded: assets/includes/footer.php
INFO - 2023-03-21 09:25:30 --> File loaded: assets/includes/footer_links.php
INFO - 2023-03-21 09:25:30 --> File loaded: C:\xampp\htdocs\flexapp\application\views\Reports/day_book.php
INFO - 2023-03-21 09:25:30 --> Final output sent to browser
DEBUG - 2023-03-21 09:25:30 --> Total execution time: 0.0594
INFO - 2023-03-21 09:25:30 --> Config Class Initialized
INFO - 2023-03-21 09:25:30 --> Hooks Class Initialized
DEBUG - 2023-03-21 09:25:30 --> UTF-8 Support Enabled
INFO - 2023-03-21 09:25:30 --> Utf8 Class Initialized
INFO - 2023-03-21 09:25:30 --> URI Class Initialized
INFO - 2023-03-21 09:25:30 --> Router Class Initialized
INFO - 2023-03-21 09:25:30 --> Output Class Initialized
INFO - 2023-03-21 09:25:30 --> Security Class Initialized
DEBUG - 2023-03-21 09:25:30 --> Global POST, GET and COOKIE data sanitized
INFO - 2023-03-21 09:25:30 --> Input Class Initialized
INFO - 2023-03-21 09:25:30 --> Language Class Initialized
ERROR - 2023-03-21 09:25:30 --> 404 Page Not Found: Assets/plugins
INFO - 2023-03-21 09:25:31 --> Config Class Initialized
INFO - 2023-03-21 09:25:31 --> Hooks Class Initialized
DEBUG - 2023-03-21 09:25:31 --> UTF-8 Support Enabled
INFO - 2023-03-21 09:25:31 --> Utf8 Class Initialized
INFO - 2023-03-21 09:25:31 --> URI Class Initialized
INFO - 2023-03-21 09:25:31 --> Router Class Initialized
INFO - 2023-03-21 09:25:31 --> Output Class Initialized
INFO - 2023-03-21 09:25:31 --> Security Class Initialized
DEBUG - 2023-03-21 09:25:31 --> Global POST, GET and COOKIE data sanitized
INFO - 2023-03-21 09:25:31 --> Input Class Initialized
INFO - 2023-03-21 09:25:31 --> Language Class Initialized
INFO - 2023-03-21 09:25:31 --> Loader Class Initialized
INFO - 2023-03-21 09:25:31 --> Helper loaded: url_helper
INFO - 2023-03-21 09:25:31 --> Helper loaded: file_helper
INFO - 2023-03-21 09:25:31 --> Database Driver Class Initialized
INFO - 2023-03-21 09:25:31 --> Email Class Initialized
DEBUG - 2023-03-21 09:25:31 --> Session: "sess_save_path" is empty; using "session.save_path" value from php.ini.
INFO - 2023-03-21 09:25:31 --> Session: Class initialized using 'files' driver.
INFO - 2023-03-21 09:25:31 --> Helper loaded: form_helper
INFO - 2023-03-21 09:25:31 --> Form Validation Class Initialized
INFO - 2023-03-21 09:25:31 --> Controller Class Initialized
INFO - 2023-03-21 09:25:31 --> Model "Reports_Model" initialized
INFO - 2023-03-21 09:25:31 --> Model "Main_Model" initialized
ERROR - 2023-03-21 09:25:31 --> Severity: error --> Exception: Call to undefined method Main_Model::getSupplier() C:\xampp\htdocs\flexapp\application\controllers\Reports.php 69
INFO - 2023-03-21 09:25:34 --> Config Class Initialized
INFO - 2023-03-21 09:25:34 --> Hooks Class Initialized
DEBUG - 2023-03-21 09:25:34 --> UTF-8 Support Enabled
INFO - 2023-03-21 09:25:34 --> Utf8 Class Initialized
INFO - 2023-03-21 09:25:34 --> URI Class Initialized
INFO - 2023-03-21 09:25:34 --> Router Class Initialized
INFO - 2023-03-21 09:25:34 --> Output Class Initialized
INFO - 2023-03-21 09:25:34 --> Security Class Initialized
DEBUG - 2023-03-21 09:25:34 --> Global POST, GET and COOKIE data sanitized
INFO - 2023-03-21 09:25:34 --> Input Class Initialized
INFO - 2023-03-21 09:25:34 --> Language Class Initialized
INFO - 2023-03-21 09:25:34 --> Loader Class Initialized
INFO - 2023-03-21 09:25:34 --> Helper loaded: url_helper
INFO - 2023-03-21 09:25:34 --> Helper loaded: file_helper
INFO - 2023-03-21 09:25:34 --> Database Driver Class Initialized
INFO - 2023-03-21 09:25:34 --> Email Class Initialized
DEBUG - 2023-03-21 09:25:34 --> Session: "sess_save_path" is empty; using "session.save_path" value from php.ini.
INFO - 2023-03-21 09:25:34 --> Session: Class initialized using 'files' driver.
INFO - 2023-03-21 09:25:34 --> Helper loaded: form_helper
INFO - 2023-03-21 09:25:34 --> Form Validation Class Initialized
INFO - 2023-03-21 09:25:34 --> Controller Class Initialized
INFO - 2023-03-21 09:25:34 --> Model "Reports_Model" initialized
INFO - 2023-03-21 09:25:34 --> Model "Main_Model" initialized
INFO - 2023-03-21 09:25:34 --> File loaded: assets/includes/top_links.php
INFO - 2023-03-21 09:25:34 --> File loaded: assets/includes/top_navbar.php
INFO - 2023-03-21 09:25:34 --> File loaded: assets/includes/notification.php
INFO - 2023-03-21 09:25:34 --> File loaded: assets/includes/sidebar.php
INFO - 2023-03-21 09:25:34 --> File loaded: assets/includes/reports_bar.php
INFO - 2023-03-21 09:25:34 --> File loaded: version.php
INFO - 2023-03-21 09:25:34 --> File loaded: assets/includes/footer.php
INFO - 2023-03-21 09:25:34 --> File loaded: assets/includes/footer_links.php
INFO - 2023-03-21 09:25:34 --> File loaded: C:\xampp\htdocs\flexapp\application\views\Reports/day_book.php
INFO - 2023-03-21 09:25:34 --> Final output sent to browser
DEBUG - 2023-03-21 09:25:34 --> Total execution time: 0.0626
INFO - 2023-03-21 09:44:21 --> Config Class Initialized
INFO - 2023-03-21 09:44:21 --> Hooks Class Initialized
DEBUG - 2023-03-21 09:44:21 --> UTF-8 Support Enabled
INFO - 2023-03-21 09:44:21 --> Utf8 Class Initialized
INFO - 2023-03-21 09:44:21 --> URI Class Initialized
INFO - 2023-03-21 09:44:21 --> Router Class Initialized
INFO - 2023-03-21 09:44:21 --> Output Class Initialized
INFO - 2023-03-21 09:44:21 --> Security Class Initialized
DEBUG - 2023-03-21 09:44:21 --> Global POST, GET and COOKIE data sanitized
INFO - 2023-03-21 09:44:21 --> Input Class Initialized
INFO - 2023-03-21 09:44:21 --> Language Class Initialized
INFO - 2023-03-21 09:44:21 --> Loader Class Initialized
INFO - 2023-03-21 09:44:21 --> Helper loaded: url_helper
INFO - 2023-03-21 09:44:21 --> Helper loaded: file_helper
INFO - 2023-03-21 09:44:21 --> Database Driver Class Initialized
INFO - 2023-03-21 09:44:21 --> Email Class Initialized
DEBUG - 2023-03-21 09:44:21 --> Session: "sess_save_path" is empty; using "session.save_path" value from php.ini.
INFO - 2023-03-21 09:44:21 --> Session: Class initialized using 'files' driver.
INFO - 2023-03-21 09:44:21 --> Helper loaded: form_helper
INFO - 2023-03-21 09:44:21 --> Form Validation Class Initialized
INFO - 2023-03-21 09:44:21 --> Controller Class Initialized
DEBUG - 2023-03-21 09:44:21 --> Session class already loaded. Second attempt ignored.
INFO - 2023-03-21 09:44:21 --> Cart Class Initialized
INFO - 2023-03-21 09:44:21 --> Model "Main_Model" initialized
INFO - 2023-03-21 09:44:21 --> File loaded: assets/includes/top_links.php
INFO - 2023-03-21 09:44:21 --> File loaded: assets/includes/top_navbar.php
INFO - 2023-03-21 09:44:21 --> File loaded: assets/includes/notification.php
INFO - 2023-03-21 09:44:21 --> File loaded: assets/includes/sidebar.php
INFO - 2023-03-21 09:44:21 --> File loaded: version.php
INFO - 2023-03-21 09:44:21 --> File loaded: assets/includes/footer.php
INFO - 2023-03-21 09:44:21 --> File loaded: assets/includes/footer_links.php
INFO - 2023-03-21 09:44:21 --> File loaded: C:\xampp\htdocs\flexapp\application\views\profile.php
INFO - 2023-03-21 09:44:21 --> Final output sent to browser
DEBUG - 2023-03-21 09:44:21 --> Total execution time: 0.2055
INFO - 2023-03-21 09:44:22 --> Config Class Initialized
INFO - 2023-03-21 09:44:22 --> Hooks Class Initialized
DEBUG - 2023-03-21 09:44:22 --> UTF-8 Support Enabled
INFO - 2023-03-21 09:44:22 --> Utf8 Class Initialized
INFO - 2023-03-21 09:44:22 --> URI Class Initialized
INFO - 2023-03-21 09:44:22 --> Router Class Initialized
INFO - 2023-03-21 09:44:22 --> Output Class Initialized
INFO - 2023-03-21 09:44:22 --> Security Class Initialized
DEBUG - 2023-03-21 09:44:22 --> Global POST, GET and COOKIE data sanitized
INFO - 2023-03-21 09:44:22 --> Input Class Initialized
INFO - 2023-03-21 09:44:22 --> Language Class Initialized
ERROR - 2023-03-21 09:44:22 --> 404 Page Not Found: Assets/plugins
INFO - 2023-03-21 09:44:39 --> Config Class Initialized
INFO - 2023-03-21 09:44:39 --> Hooks Class Initialized
DEBUG - 2023-03-21 09:44:39 --> UTF-8 Support Enabled
INFO - 2023-03-21 09:44:39 --> Utf8 Class Initialized
INFO - 2023-03-21 09:44:39 --> URI Class Initialized
INFO - 2023-03-21 09:44:39 --> Router Class Initialized
INFO - 2023-03-21 09:44:39 --> Output Class Initialized
INFO - 2023-03-21 09:44:39 --> Security Class Initialized
DEBUG - 2023-03-21 09:44:39 --> Global POST, GET and COOKIE data sanitized
INFO - 2023-03-21 09:44:39 --> Input Class Initialized
INFO - 2023-03-21 09:44:39 --> Language Class Initialized
INFO - 2023-03-21 09:44:39 --> Loader Class Initialized
INFO - 2023-03-21 09:44:39 --> Helper loaded: url_helper
INFO - 2023-03-21 09:44:39 --> Helper loaded: file_helper
INFO - 2023-03-21 09:44:39 --> Database Driver Class Initialized
INFO - 2023-03-21 09:44:39 --> Email Class Initialized
DEBUG - 2023-03-21 09:44:39 --> Session: "sess_save_path" is empty; using "session.save_path" value from php.ini.
INFO - 2023-03-21 09:44:39 --> Session: Class initialized using 'files' driver.
INFO - 2023-03-21 09:44:39 --> Helper loaded: form_helper
INFO - 2023-03-21 09:44:39 --> Form Validation Class Initialized
INFO - 2023-03-21 09:44:39 --> Controller Class Initialized
INFO - 2023-03-21 09:44:39 --> Model "Reports_Model" initialized
INFO - 2023-03-21 09:44:39 --> Model "Main_Model" initialized
INFO - 2023-03-21 09:44:39 --> Config Class Initialized
INFO - 2023-03-21 09:44:39 --> Hooks Class Initialized
DEBUG - 2023-03-21 09:44:39 --> UTF-8 Support Enabled
INFO - 2023-03-21 09:44:39 --> Utf8 Class Initialized
INFO - 2023-03-21 09:44:39 --> URI Class Initialized
INFO - 2023-03-21 09:44:39 --> Router Class Initialized
INFO - 2023-03-21 09:44:39 --> Output Class Initialized
INFO - 2023-03-21 09:44:39 --> Security Class Initialized
DEBUG - 2023-03-21 09:44:39 --> Global POST, GET and COOKIE data sanitized
INFO - 2023-03-21 09:44:39 --> Input Class Initialized
INFO - 2023-03-21 09:44:39 --> Language Class Initialized
INFO - 2023-03-21 09:44:39 --> Loader Class Initialized
INFO - 2023-03-21 09:44:39 --> Helper loaded: url_helper
INFO - 2023-03-21 09:44:39 --> Helper loaded: file_helper
INFO - 2023-03-21 09:44:39 --> Database Driver Class Initialized
INFO - 2023-03-21 09:44:39 --> Email Class Initialized
DEBUG - 2023-03-21 09:44:39 --> Session: "sess_save_path" is empty; using "session.save_path" value from php.ini.
INFO - 2023-03-21 09:44:39 --> Session: Class initialized using 'files' driver.
INFO - 2023-03-21 09:44:39 --> Helper loaded: form_helper
INFO - 2023-03-21 09:44:39 --> Form Validation Class Initialized
INFO - 2023-03-21 09:44:39 --> Controller Class Initialized
DEBUG - 2023-03-21 09:44:39 --> Session class already loaded. Second attempt ignored.
INFO - 2023-03-21 09:44:39 --> Cart Class Initialized
INFO - 2023-03-21 09:44:39 --> Model "Main_Model" initialized
ERROR - 2023-03-21 09:44:39 --> Query error: Table 'swift.customer' doesn't exist - Invalid query: SELECT *
FROM `customer` as `c`
JOIN `sale` as `s` ON `s`.`customer_id` = `c`.`customer_id`
WHERE `s`.`sale_id` = '5'
INFO - 2023-03-21 09:44:39 --> Language file loaded: language/english/db_lang.php
INFO - 2023-03-21 09:44:42 --> Config Class Initialized
INFO - 2023-03-21 09:44:42 --> Hooks Class Initialized
DEBUG - 2023-03-21 09:44:42 --> UTF-8 Support Enabled
INFO - 2023-03-21 09:44:42 --> Utf8 Class Initialized
INFO - 2023-03-21 09:44:42 --> URI Class Initialized
INFO - 2023-03-21 09:44:42 --> Router Class Initialized
INFO - 2023-03-21 09:44:42 --> Output Class Initialized
INFO - 2023-03-21 09:44:42 --> Security Class Initialized
DEBUG - 2023-03-21 09:44:42 --> Global POST, GET and COOKIE data sanitized
INFO - 2023-03-21 09:44:42 --> Input Class Initialized
INFO - 2023-03-21 09:44:42 --> Language Class Initialized
INFO - 2023-03-21 09:44:42 --> Loader Class Initialized
INFO - 2023-03-21 09:44:42 --> Helper loaded: url_helper
INFO - 2023-03-21 09:44:42 --> Helper loaded: file_helper
INFO - 2023-03-21 09:44:42 --> Database Driver Class Initialized
INFO - 2023-03-21 09:44:42 --> Email Class Initialized
DEBUG - 2023-03-21 09:44:42 --> Session: "sess_save_path" is empty; using "session.save_path" value from php.ini.
INFO - 2023-03-21 09:44:42 --> Session: Class initialized using 'files' driver.
INFO - 2023-03-21 09:44:42 --> Helper loaded: form_helper
INFO - 2023-03-21 09:44:42 --> Form Validation Class Initialized
INFO - 2023-03-21 09:44:42 --> Controller Class Initialized
DEBUG - 2023-03-21 09:44:42 --> Session class already loaded. Second attempt ignored.
INFO - 2023-03-21 09:44:42 --> Cart Class Initialized
INFO - 2023-03-21 09:44:42 --> Model "Main_Model" initialized
INFO - 2023-03-21 09:44:42 --> File loaded: assets/includes/top_links.php
INFO - 2023-03-21 09:44:42 --> File loaded: assets/includes/top_navbar.php
INFO - 2023-03-21 09:44:42 --> File loaded: assets/includes/notification.php
INFO - 2023-03-21 09:44:42 --> File loaded: assets/includes/sidebar.php
INFO - 2023-03-21 09:44:42 --> File loaded: version.php
INFO - 2023-03-21 09:44:42 --> File loaded: assets/includes/footer.php
INFO - 2023-03-21 09:44:42 --> File loaded: assets/includes/footer_links.php
INFO - 2023-03-21 09:44:42 --> File loaded: C:\xampp\htdocs\flexapp\application\views\profile.php
INFO - 2023-03-21 09:44:42 --> Final output sent to browser
DEBUG - 2023-03-21 09:44:42 --> Total execution time: 0.0845
INFO - 2023-03-21 09:44:42 --> Config Class Initialized
INFO - 2023-03-21 09:44:42 --> Hooks Class Initialized
DEBUG - 2023-03-21 09:44:42 --> UTF-8 Support Enabled
INFO - 2023-03-21 09:44:42 --> Utf8 Class Initialized
INFO - 2023-03-21 09:44:42 --> URI Class Initialized
INFO - 2023-03-21 09:44:42 --> Router Class Initialized
INFO - 2023-03-21 09:44:42 --> Output Class Initialized
INFO - 2023-03-21 09:44:42 --> Security Class Initialized
DEBUG - 2023-03-21 09:44:42 --> Global POST, GET and COOKIE data sanitized
INFO - 2023-03-21 09:44:42 --> Input Class Initialized
INFO - 2023-03-21 09:44:42 --> Language Class Initialized
ERROR - 2023-03-21 09:44:42 --> 404 Page Not Found: Assets/plugins
